may 02, 2015 5:05:00 PM org.apache.openejb.persistence.PersistenceBootstrap getDefaultProvider
INFORMACIÓN: Default JPA Provider changed to org.eclipse.persistence.jpa.PersistenceProvider
may 02, 2015 5:05:00 PM org.apache.catalina.core.AprLifecycleListener init
INFORMACIÓN: La biblioteca nativa de Apache Tomcat basada en ARP que permite un rendimiento óptimo en entornos de desarrollo no ha sido hallada en java.library.path: /usr/java/packages/lib/amd64:/usr/lib/x86_64-linux-gnu/jni:/lib/x86_64-linux-gnu:/usr/lib/x86_64-linux-gnu:/usr/lib/jni:/lib:/usr/lib
may 02, 2015 5:05:01 PM org.apache.coyote.AbstractProtocol init
INFORMACIÓN: Initializing ProtocolHandler ["http-bio-8080"]
may 02, 2015 5:05:01 PM org.apache.coyote.AbstractProtocol init
INFORMACIÓN: Initializing ProtocolHandler ["ajp-bio-8009"]
may 02, 2015 5:05:02 PM org.apache.openejb.util.OptionsLog info
INFORMACIÓN: Using 'tomee.remote.support=true'
may 02, 2015 5:05:02 PM org.apache.openejb.util.OptionsLog info
INFORMACIÓN: Using 'openejb.jdbc.datasource-creator=org.apache.tomee.jdbc.TomEEDataSourceCreator'
may 02, 2015 5:05:02 PM org.apache.openejb.OpenEJB$Instance <init>
INFORMACIÓN: ********************************************************************************
may 02, 2015 5:05:02 PM org.apache.openejb.OpenEJB$Instance <init>
INFORMACIÓN: OpenEJB http://openejb.apache.org/
may 02, 2015 5:05:02 PM org.apache.openejb.OpenEJB$Instance <init>
INFORMACIÓN: Startup: Sat May 02 17:05:02 CEST 2015
may 02, 2015 5:05:02 PM org.apache.openejb.OpenEJB$Instance <init>
INFORMACIÓN: Copyright 1999-2013 (C) Apache OpenEJB Project, All Rights Reserved.
may 02, 2015 5:05:02 PM org.apache.openejb.OpenEJB$Instance <init>
INFORMACIÓN: Version: 4.7.1
may 02, 2015 5:05:02 PM org.apache.openejb.OpenEJB$Instance <init>
INFORMACIÓN: Build date: 20140912
may 02, 2015 5:05:02 PM org.apache.openejb.OpenEJB$Instance <init>
INFORMACIÓN: Build time: 01:43
may 02, 2015 5:05:02 PM org.apache.openejb.OpenEJB$Instance <init>
INFORMACIÓN: ********************************************************************************
may 02, 2015 5:05:02 PM org.apache.openejb.OpenEJB$Instance <init>
INFORMACIÓN: openejb.home = /home/fer/Desktop/natureadventure_rep/Natureadventure/target/apache-tomee
may 02, 2015 5:05:02 PM org.apache.openejb.OpenEJB$Instance <init>
INFORMACIÓN: openejb.base = /home/fer/Desktop/natureadventure_rep/Natureadventure/target/apache-tomee
may 02, 2015 5:05:02 PM org.apache.openejb.cdi.CdiBuilder initializeOWB
INFORMACIÓN: Created new singletonService org.apache.openejb.cdi.ThreadSingletonServiceImpl@3182127d
may 02, 2015 5:05:02 PM org.apache.openejb.cdi.CdiBuilder initializeOWB
INFORMACIÓN: Succeeded in installing singleton service
may 02, 2015 5:05:02 PM org.apache.openejb.config.ConfigurationFactory init
INFORMACIÓN: openejb configuration file is '/home/fer/Desktop/natureadventure_rep/Natureadventure/target/apache-tomee/conf/tomee.xml'
may 02, 2015 5:05:02 PM org.apache.openejb.config.ConfigurationFactory configureService
INFORMACIÓN: Configuring Service(id=Tomcat Security Service, type=SecurityService, provider-id=Tomcat Security Service)
may 02, 2015 5:05:02 PM org.apache.openejb.config.ConfigurationFactory configureService
INFORMACIÓN: Configuring Service(id=Default Transaction Manager, type=TransactionManager, provider-id=Default Transaction Manager)
may 02, 2015 5:05:02 PM org.apache.openejb.util.OptionsLog info
INFORMACIÓN: Using 'openejb.system.apps=false'
may 02, 2015 5:05:02 PM org.apache.openejb.util.OptionsLog info
INFORMACIÓN: Using 'openejb.deployments.classpath=false'
may 02, 2015 5:05:02 PM org.apache.openejb.assembler.classic.Assembler createRecipe
INFORMACIÓN: Creating TransactionManager(id=Default Transaction Manager)
may 02, 2015 5:05:02 PM org.apache.openejb.assembler.classic.Assembler createRecipe
INFORMACIÓN: Creating SecurityService(id=Tomcat Security Service)
may 02, 2015 5:05:02 PM org.apache.openejb.server.ServiceManager initServer
INFORMACIÓN: Creating ServerService(id=cxf)
may 02, 2015 5:05:03 PM org.apache.openejb.server.ServiceManager initServer
INFORMACIÓN: Creating ServerService(id=cxf-rs)
may 02, 2015 5:05:03 PM org.apache.openejb.server.SimpleServiceManager start
INFORMACIÓN:   ** Bound Services **
may 02, 2015 5:05:03 PM org.apache.openejb.server.SimpleServiceManager printRow
INFORMACIÓN:   NAME                 IP              PORT  
may 02, 2015 5:05:03 PM org.apache.openejb.server.SimpleServiceManager start
INFORMACIÓN: -------
may 02, 2015 5:05:03 PM org.apache.openejb.server.SimpleServiceManager start
INFORMACIÓN: Ready!
may 02, 2015 5:05:03 PM org.apache.catalina.startup.Catalina load
INFORMACIÓN: Initialization processed in 3021 ms
may 02, 2015 5:05:03 PM org.apache.tomee.catalina.OpenEJBNamingContextListener bindResource
INFORMACIÓN: Importing a Tomcat Resource with id 'UserDatabase' of type 'org.apache.catalina.UserDatabase'.
may 02, 2015 5:05:03 PM org.apache.openejb.assembler.classic.Assembler createRecipe
INFORMACIÓN: Creating Resource(id=UserDatabase)
may 02, 2015 5:05:03 PM org.apache.catalina.core.StandardService startInternal
INFORMACIÓN: Arrancando servicio Catalina
may 02, 2015 5:05:03 PM org.apache.catalina.core.StandardEngine startInternal
INFORMACIÓN: Starting Servlet Engine: Apache Tomcat (TomEE)/7.0.55 (1.7.1)
may 02, 2015 5:05:03 PM org.apache.catalina.startup.HostConfig deployWAR
INFORMACIÓN: Despliegue del archivo /home/fer/Desktop/natureadventure_rep/Natureadventure/target/apache-tomee/webapps/Natureadventure.war de la aplicación web
may 02, 2015 5:05:03 PM org.apache.tomee.catalina.TomcatWebAppBuilder init
INFORMACIÓN: ------------------------- localhost -> /Natureadventure
may 02, 2015 5:05:03 PM org.apache.openejb.util.JarExtractor extract
INFORMACIÓN: Extracting jar: /home/fer/Desktop/natureadventure_rep/Natureadventure/target/apache-tomee/webapps/Natureadventure.war
may 02, 2015 5:05:04 PM org.apache.openejb.util.JarExtractor extract
INFORMACIÓN: Extracted path: /home/fer/Desktop/natureadventure_rep/Natureadventure/target/apache-tomee/webapps/Natureadventure
may 02, 2015 5:05:04 PM org.apache.openejb.util.OptionsLog info
INFORMACIÓN: Using 'openejb.session.manager=org.apache.tomee.catalina.session.QuickSessionManager'
may 02, 2015 5:05:06 PM org.apache.openejb.config.ConfigurationFactory configureApplication
INFORMACIÓN: Configuring enterprise application: /home/fer/Desktop/natureadventure_rep/Natureadventure/target/apache-tomee/webapps/Natureadventure
may 02, 2015 5:05:06 PM org.apache.openejb.config.InitEjbDeployments deploy
INFORMACIÓN: Auto-deploying ejb MonitorAdminServicios: EjbDeployment(deployment-id=MonitorAdminServicios)
may 02, 2015 5:05:06 PM org.apache.openejb.config.InitEjbDeployments deploy
INFORMACIÓN: Auto-deploying ejb ActividadJPA: EjbDeployment(deployment-id=ActividadJPA)
may 02, 2015 5:05:06 PM org.apache.openejb.config.InitEjbDeployments deploy
INFORMACIÓN: Auto-deploying ejb UsuarioJPA: EjbDeployment(deployment-id=UsuarioJPA)
may 02, 2015 5:05:06 PM org.apache.openejb.config.InitEjbDeployments deploy
INFORMACIÓN: Auto-deploying ejb LoginJPA: EjbDeployment(deployment-id=LoginJPA)
may 02, 2015 5:05:06 PM org.apache.openejb.config.InitEjbDeployments deploy
INFORMACIÓN: Auto-deploying ejb ReservaJPA: EjbDeployment(deployment-id=ReservaJPA)
may 02, 2015 5:05:06 PM org.apache.openejb.config.InitEjbDeployments deploy
INFORMACIÓN: Auto-deploying ejb UsuarioServicios: EjbDeployment(deployment-id=UsuarioServicios)
may 02, 2015 5:05:06 PM org.apache.openejb.config.InitEjbDeployments deploy
INFORMACIÓN: Auto-deploying ejb LoginServicios: EjbDeployment(deployment-id=LoginServicios)
may 02, 2015 5:05:06 PM org.apache.openejb.config.InitEjbDeployments deploy
INFORMACIÓN: Auto-deploying ejb MonitorServicios: EjbDeployment(deployment-id=MonitorServicios)
may 02, 2015 5:05:06 PM org.apache.openejb.config.InitEjbDeployments deploy
INFORMACIÓN: Auto-deploying ejb MonitorJPA: EjbDeployment(deployment-id=MonitorJPA)
may 02, 2015 5:05:06 PM org.apache.openejb.config.InitEjbDeployments deploy
INFORMACIÓN: Auto-deploying ejb ActividadServicios: EjbDeployment(deployment-id=ActividadServicios)
may 02, 2015 5:05:06 PM org.apache.openejb.config.InitEjbDeployments deploy
INFORMACIÓN: Auto-deploying ejb ReservaServicios: EjbDeployment(deployment-id=ReservaServicios)
may 02, 2015 5:05:06 PM org.apache.openejb.config.ConfigurationFactory configureService
INFORMACIÓN: Configuring Service(id=Natureadventure/derbyDataSource, type=Resource, provider-id=Default JDBC Database)
may 02, 2015 5:05:06 PM org.apache.openejb.config.ConfigurationFactory configureService
INFORMACIÓN: Configuring Service(id=Natureadventure/mysqlDataSource, type=Resource, provider-id=Default JDBC Database)
may 02, 2015 5:05:07 PM org.apache.openejb.assembler.classic.Assembler createRecipe
INFORMACIÓN: Creating Resource(id=Natureadventure/derbyDataSource)
may 02, 2015 5:05:07 PM org.apache.tomee.jdbc.TomEEDataSourceCreator$TomEEDataSource readOnly
INFORMACIÓN: Disabling testOnBorrow since no validation query is provided
may 02, 2015 5:05:07 PM org.apache.openejb.assembler.classic.Assembler createRecipe
INFORMACIÓN: Creating Resource(id=Natureadventure/mysqlDataSource)
may 02, 2015 5:05:07 PM org.apache.tomee.jdbc.TomEEDataSourceCreator$TomEEDataSource readOnly
INFORMACIÓN: Disabling testOnBorrow since no validation query is provided
may 02, 2015 5:05:07 PM org.apache.openejb.config.ConfigurationFactory configureService
INFORMACIÓN: Configuring Service(id=Default Managed Container, type=Container, provider-id=Default Managed Container)
may 02, 2015 5:05:07 PM org.apache.openejb.config.AutoConfig createContainer
INFORMACIÓN: Auto-creating a container for bean Natureadventure.Comp471377568: Container(type=MANAGED, id=Default Managed Container)
may 02, 2015 5:05:07 PM org.apache.openejb.assembler.classic.Assembler createRecipe
INFORMACIÓN: Creating Container(id=Default Managed Container)
may 02, 2015 5:05:07 PM org.apache.openejb.core.managed.SimplePassivater init
INFORMACIÓN: Using directory /home/fer/Desktop/natureadventure_rep/Natureadventure/target/apache-tomee/temp for stateful session passivation
may 02, 2015 5:05:07 PM org.apache.openejb.config.AutoConfig processResourceRef
INFORMACIÓN: Auto-linking resource-ref 'openejb/Resource/Natureadventure/derbyDataSource' in bean Natureadventure.Comp471377568 to Resource(id=Natureadventure/derbyDataSource)
may 02, 2015 5:05:07 PM org.apache.openejb.config.AutoConfig processResourceRef
INFORMACIÓN: Auto-linking resource-ref 'openejb/Resource/derbyDataSource' in bean Natureadventure.Comp471377568 to Resource(id=Natureadventure/derbyDataSource)
may 02, 2015 5:05:07 PM org.apache.openejb.config.AutoConfig processResourceRef
INFORMACIÓN: Auto-linking resource-ref 'openejb/Resource/Natureadventure/mysqlDataSource' in bean Natureadventure.Comp471377568 to Resource(id=Natureadventure/mysqlDataSource)
may 02, 2015 5:05:07 PM org.apache.openejb.config.AutoConfig processResourceRef
INFORMACIÓN: Auto-linking resource-ref 'openejb/Resource/mysqlDataSource' in bean Natureadventure.Comp471377568 to Resource(id=Natureadventure/mysqlDataSource)
may 02, 2015 5:05:07 PM org.apache.openejb.config.ConfigurationFactory configureService
INFORMACIÓN: Configuring Service(id=Default Stateless Container, type=Container, provider-id=Default Stateless Container)
may 02, 2015 5:05:07 PM org.apache.openejb.config.AutoConfig createContainer
INFORMACIÓN: Auto-creating a container for bean MonitorAdminServicios: Container(type=STATELESS, id=Default Stateless Container)
may 02, 2015 5:05:07 PM org.apache.openejb.assembler.classic.Assembler createRecipe
INFORMACIÓN: Creating Container(id=Default Stateless Container)
may 02, 2015 5:05:07 PM org.apache.openejb.config.AutoConfig processResourceRef
INFORMACIÓN: Auto-linking resource-ref 'openejb/Resource/Natureadventure/derbyDataSource' in bean MonitorAdminServicios to Resource(id=Natureadventure/derbyDataSource)
may 02, 2015 5:05:07 PM org.apache.openejb.config.AutoConfig processResourceRef
INFORMACIÓN: Auto-linking resource-ref 'openejb/Resource/derbyDataSource' in bean MonitorAdminServicios to Resource(id=Natureadventure/derbyDataSource)
may 02, 2015 5:05:07 PM org.apache.openejb.config.AutoConfig processResourceRef
INFORMACIÓN: Auto-linking resource-ref 'openejb/Resource/Natureadventure/mysqlDataSource' in bean MonitorAdminServicios to Resource(id=Natureadventure/mysqlDataSource)
may 02, 2015 5:05:07 PM org.apache.openejb.config.AutoConfig processResourceRef
INFORMACIÓN: Auto-linking resource-ref 'openejb/Resource/mysqlDataSource' in bean MonitorAdminServicios to Resource(id=Natureadventure/mysqlDataSource)
may 02, 2015 5:05:07 PM org.apache.openejb.config.AutoConfig processResourceRef
INFORMACIÓN: Auto-linking resource-ref 'openejb/Resource/Natureadventure/derbyDataSource' in bean ActividadJPA to Resource(id=Natureadventure/derbyDataSource)
may 02, 2015 5:05:07 PM org.apache.openejb.config.AutoConfig processResourceRef
INFORMACIÓN: Auto-linking resource-ref 'openejb/Resource/derbyDataSource' in bean ActividadJPA to Resource(id=Natureadventure/derbyDataSource)
may 02, 2015 5:05:07 PM org.apache.openejb.config.AutoConfig processResourceRef
INFORMACIÓN: Auto-linking resource-ref 'openejb/Resource/Natureadventure/mysqlDataSource' in bean ActividadJPA to Resource(id=Natureadventure/mysqlDataSource)
may 02, 2015 5:05:07 PM org.apache.openejb.config.AutoConfig processResourceRef
INFORMACIÓN: Auto-linking resource-ref 'openejb/Resource/mysqlDataSource' in bean ActividadJPA to Resource(id=Natureadventure/mysqlDataSource)
may 02, 2015 5:05:07 PM org.apache.openejb.config.AutoConfig processResourceRef
INFORMACIÓN: Auto-linking resource-ref 'openejb/Resource/Natureadventure/derbyDataSource' in bean UsuarioJPA to Resource(id=Natureadventure/derbyDataSource)
may 02, 2015 5:05:07 PM org.apache.openejb.config.AutoConfig processResourceRef
INFORMACIÓN: Auto-linking resource-ref 'openejb/Resource/derbyDataSource' in bean UsuarioJPA to Resource(id=Natureadventure/derbyDataSource)
may 02, 2015 5:05:07 PM org.apache.openejb.config.AutoConfig processResourceRef
INFORMACIÓN: Auto-linking resource-ref 'openejb/Resource/Natureadventure/mysqlDataSource' in bean UsuarioJPA to Resource(id=Natureadventure/mysqlDataSource)
may 02, 2015 5:05:07 PM org.apache.openejb.config.AutoConfig processResourceRef
INFORMACIÓN: Auto-linking resource-ref 'openejb/Resource/mysqlDataSource' in bean UsuarioJPA to Resource(id=Natureadventure/mysqlDataSource)
may 02, 2015 5:05:07 PM org.apache.openejb.config.AutoConfig processResourceRef
INFORMACIÓN: Auto-linking resource-ref 'openejb/Resource/Natureadventure/derbyDataSource' in bean LoginJPA to Resource(id=Natureadventure/derbyDataSource)
may 02, 2015 5:05:07 PM org.apache.openejb.config.AutoConfig processResourceRef
INFORMACIÓN: Auto-linking resource-ref 'openejb/Resource/derbyDataSource' in bean LoginJPA to Resource(id=Natureadventure/derbyDataSource)
may 02, 2015 5:05:07 PM org.apache.openejb.config.AutoConfig processResourceRef
INFORMACIÓN: Auto-linking resource-ref 'openejb/Resource/Natureadventure/mysqlDataSource' in bean LoginJPA to Resource(id=Natureadventure/mysqlDataSource)
may 02, 2015 5:05:07 PM org.apache.openejb.config.AutoConfig processResourceRef
INFORMACIÓN: Auto-linking resource-ref 'openejb/Resource/mysqlDataSource' in bean LoginJPA to Resource(id=Natureadventure/mysqlDataSource)
may 02, 2015 5:05:07 PM org.apache.openejb.config.AutoConfig processResourceRef
INFORMACIÓN: Auto-linking resource-ref 'openejb/Resource/Natureadventure/derbyDataSource' in bean ReservaJPA to Resource(id=Natureadventure/derbyDataSource)
may 02, 2015 5:05:07 PM org.apache.openejb.config.AutoConfig processResourceRef
INFORMACIÓN: Auto-linking resource-ref 'openejb/Resource/derbyDataSource' in bean ReservaJPA to Resource(id=Natureadventure/derbyDataSource)
may 02, 2015 5:05:07 PM org.apache.openejb.config.AutoConfig processResourceRef
INFORMACIÓN: Auto-linking resource-ref 'openejb/Resource/Natureadventure/mysqlDataSource' in bean ReservaJPA to Resource(id=Natureadventure/mysqlDataSource)
may 02, 2015 5:05:07 PM org.apache.openejb.config.AutoConfig processResourceRef
INFORMACIÓN: Auto-linking resource-ref 'openejb/Resource/mysqlDataSource' in bean ReservaJPA to Resource(id=Natureadventure/mysqlDataSource)
may 02, 2015 5:05:07 PM org.apache.openejb.config.AutoConfig processResourceRef
INFORMACIÓN: Auto-linking resource-ref 'openejb/Resource/Natureadventure/derbyDataSource' in bean UsuarioServicios to Resource(id=Natureadventure/derbyDataSource)
may 02, 2015 5:05:07 PM org.apache.openejb.config.AutoConfig processResourceRef
INFORMACIÓN: Auto-linking resource-ref 'openejb/Resource/derbyDataSource' in bean UsuarioServicios to Resource(id=Natureadventure/derbyDataSource)
may 02, 2015 5:05:07 PM org.apache.openejb.config.AutoConfig processResourceRef
INFORMACIÓN: Auto-linking resource-ref 'openejb/Resource/Natureadventure/mysqlDataSource' in bean UsuarioServicios to Resource(id=Natureadventure/mysqlDataSource)
may 02, 2015 5:05:07 PM org.apache.openejb.config.AutoConfig processResourceRef
INFORMACIÓN: Auto-linking resource-ref 'openejb/Resource/mysqlDataSource' in bean UsuarioServicios to Resource(id=Natureadventure/mysqlDataSource)
may 02, 2015 5:05:07 PM org.apache.openejb.config.AutoConfig processResourceRef
INFORMACIÓN: Auto-linking resource-ref 'openejb/Resource/Natureadventure/derbyDataSource' in bean LoginServicios to Resource(id=Natureadventure/derbyDataSource)
may 02, 2015 5:05:07 PM org.apache.openejb.config.AutoConfig processResourceRef
INFORMACIÓN: Auto-linking resource-ref 'openejb/Resource/derbyDataSource' in bean LoginServicios to Resource(id=Natureadventure/derbyDataSource)
may 02, 2015 5:05:07 PM org.apache.openejb.config.AutoConfig processResourceRef
INFORMACIÓN: Auto-linking resource-ref 'openejb/Resource/Natureadventure/mysqlDataSource' in bean LoginServicios to Resource(id=Natureadventure/mysqlDataSource)
may 02, 2015 5:05:07 PM org.apache.openejb.config.AutoConfig processResourceRef
INFORMACIÓN: Auto-linking resource-ref 'openejb/Resource/mysqlDataSource' in bean LoginServicios to Resource(id=Natureadventure/mysqlDataSource)
may 02, 2015 5:05:07 PM org.apache.openejb.config.AutoConfig processResourceRef
INFORMACIÓN: Auto-linking resource-ref 'openejb/Resource/Natureadventure/derbyDataSource' in bean MonitorServicios to Resource(id=Natureadventure/derbyDataSource)
may 02, 2015 5:05:07 PM org.apache.openejb.config.AutoConfig processResourceRef
INFORMACIÓN: Auto-linking resource-ref 'openejb/Resource/derbyDataSource' in bean MonitorServicios to Resource(id=Natureadventure/derbyDataSource)
may 02, 2015 5:05:07 PM org.apache.openejb.config.AutoConfig processResourceRef
INFORMACIÓN: Auto-linking resource-ref 'openejb/Resource/Natureadventure/mysqlDataSource' in bean MonitorServicios to Resource(id=Natureadventure/mysqlDataSource)
may 02, 2015 5:05:07 PM org.apache.openejb.config.AutoConfig processResourceRef
INFORMACIÓN: Auto-linking resource-ref 'openejb/Resource/mysqlDataSource' in bean MonitorServicios to Resource(id=Natureadventure/mysqlDataSource)
may 02, 2015 5:05:07 PM org.apache.openejb.config.AutoConfig processResourceRef
INFORMACIÓN: Auto-linking resource-ref 'openejb/Resource/Natureadventure/derbyDataSource' in bean MonitorJPA to Resource(id=Natureadventure/derbyDataSource)
may 02, 2015 5:05:07 PM org.apache.openejb.config.AutoConfig processResourceRef
INFORMACIÓN: Auto-linking resource-ref 'openejb/Resource/derbyDataSource' in bean MonitorJPA to Resource(id=Natureadventure/derbyDataSource)
may 02, 2015 5:05:07 PM org.apache.openejb.config.AutoConfig processResourceRef
INFORMACIÓN: Auto-linking resource-ref 'openejb/Resource/Natureadventure/mysqlDataSource' in bean MonitorJPA to Resource(id=Natureadventure/mysqlDataSource)
may 02, 2015 5:05:07 PM org.apache.openejb.config.AutoConfig processResourceRef
INFORMACIÓN: Auto-linking resource-ref 'openejb/Resource/mysqlDataSource' in bean MonitorJPA to Resource(id=Natureadventure/mysqlDataSource)
may 02, 2015 5:05:07 PM org.apache.openejb.config.AutoConfig processResourceRef
INFORMACIÓN: Auto-linking resource-ref 'openejb/Resource/Natureadventure/derbyDataSource' in bean ActividadServicios to Resource(id=Natureadventure/derbyDataSource)
may 02, 2015 5:05:07 PM org.apache.openejb.config.AutoConfig processResourceRef
INFORMACIÓN: Auto-linking resource-ref 'openejb/Resource/derbyDataSource' in bean ActividadServicios to Resource(id=Natureadventure/derbyDataSource)
may 02, 2015 5:05:07 PM org.apache.openejb.config.AutoConfig processResourceRef
INFORMACIÓN: Auto-linking resource-ref 'openejb/Resource/Natureadventure/mysqlDataSource' in bean ActividadServicios to Resource(id=Natureadventure/mysqlDataSource)
may 02, 2015 5:05:07 PM org.apache.openejb.config.AutoConfig processResourceRef
INFORMACIÓN: Auto-linking resource-ref 'openejb/Resource/mysqlDataSource' in bean ActividadServicios to Resource(id=Natureadventure/mysqlDataSource)
may 02, 2015 5:05:07 PM org.apache.openejb.config.AutoConfig processResourceRef
INFORMACIÓN: Auto-linking resource-ref 'openejb/Resource/Natureadventure/derbyDataSource' in bean ReservaServicios to Resource(id=Natureadventure/derbyDataSource)
may 02, 2015 5:05:07 PM org.apache.openejb.config.AutoConfig processResourceRef
INFORMACIÓN: Auto-linking resource-ref 'openejb/Resource/derbyDataSource' in bean ReservaServicios to Resource(id=Natureadventure/derbyDataSource)
may 02, 2015 5:05:07 PM org.apache.openejb.config.AutoConfig processResourceRef
INFORMACIÓN: Auto-linking resource-ref 'openejb/Resource/Natureadventure/mysqlDataSource' in bean ReservaServicios to Resource(id=Natureadventure/mysqlDataSource)
may 02, 2015 5:05:07 PM org.apache.openejb.config.AutoConfig processResourceRef
INFORMACIÓN: Auto-linking resource-ref 'openejb/Resource/mysqlDataSource' in bean ReservaServicios to Resource(id=Natureadventure/mysqlDataSource)
may 02, 2015 5:05:07 PM org.apache.openejb.config.AutoConfig deploy
INFORMACIÓN: Configuring PersistenceUnit(name=prueba, provider=org.eclipse.persistence.jpa.PersistenceProvider)
may 02, 2015 5:05:07 PM org.apache.openejb.config.AutoConfig logAutoCreateResource
INFORMACIÓN: Auto-creating a Resource with id 'Natureadventure/derbyDataSourceNonJta' of type 'DataSource for 'prueba'.
may 02, 2015 5:05:07 PM org.apache.openejb.config.AutoConfig deploy
INFORMACIÓN: Configuring Service(id=Natureadventure/derbyDataSourceNonJta, type=Resource, provider-id=Natureadventure/derbyDataSource)
may 02, 2015 5:05:07 PM org.apache.openejb.assembler.classic.Assembler createRecipe
INFORMACIÓN: Creating Resource(id=Natureadventure/derbyDataSourceNonJta)
may 02, 2015 5:05:07 PM org.apache.tomee.jdbc.TomEEDataSourceCreator$TomEEDataSource readOnly
INFORMACIÓN: Disabling testOnBorrow since no validation query is provided
may 02, 2015 5:05:07 PM org.apache.openejb.config.AutoConfig setJtaDataSource
INFORMACIÓN: Adjusting PersistenceUnit prueba <jta-data-source> to Resource ID 'Natureadventure/derbyDataSource' from 'null'
may 02, 2015 5:05:07 PM org.apache.openejb.config.AutoConfig setNonJtaDataSource
INFORMACIÓN: Adjusting PersistenceUnit prueba <non-jta-data-source> to Resource ID 'Natureadventure/derbyDataSourceNonJta' from 'null'
may 02, 2015 5:05:07 PM org.apache.openejb.config.AutoConfig deploy
INFORMACIÓN: Configuring PersistenceUnit(name=natureadventureJTA)
may 02, 2015 5:05:07 PM org.apache.openejb.config.AutoConfig logAutoCreateResource
INFORMACIÓN: Auto-creating a Resource with id 'Natureadventure/mysqlDataSourceNonJta' of type 'DataSource for 'natureadventureJTA'.
may 02, 2015 5:05:07 PM org.apache.openejb.config.AutoConfig deploy
INFORMACIÓN: Configuring Service(id=Natureadventure/mysqlDataSourceNonJta, type=Resource, provider-id=Natureadventure/mysqlDataSource)
may 02, 2015 5:05:07 PM org.apache.openejb.assembler.classic.Assembler createRecipe
INFORMACIÓN: Creating Resource(id=Natureadventure/mysqlDataSourceNonJta)
may 02, 2015 5:05:07 PM org.apache.tomee.jdbc.TomEEDataSourceCreator$TomEEDataSource readOnly
INFORMACIÓN: Disabling testOnBorrow since no validation query is provided
may 02, 2015 5:05:07 PM org.apache.openejb.config.AutoConfig setJtaDataSource
INFORMACIÓN: Adjusting PersistenceUnit natureadventureJTA <jta-data-source> to Resource ID 'Natureadventure/mysqlDataSource' from 'mysqlDataSource'
may 02, 2015 5:05:07 PM org.apache.openejb.config.AutoConfig setNonJtaDataSource
INFORMACIÓN: Adjusting PersistenceUnit natureadventureJTA <non-jta-data-source> to Resource ID 'Natureadventure/mysqlDataSourceNonJta' from 'null'
may 02, 2015 5:05:07 PM org.apache.openejb.config.AutoConfig deploy
INFORMACIÓN: Configuring PersistenceUnit(name=personasJTADerby)
may 02, 2015 5:05:07 PM org.apache.openejb.config.AutoConfig setJtaDataSource
INFORMACIÓN: Adjusting PersistenceUnit personasJTADerby <jta-data-source> to Resource ID 'Natureadventure/derbyDataSource' from 'derbyDataSource'
may 02, 2015 5:05:07 PM org.apache.openejb.config.AutoConfig setNonJtaDataSource
INFORMACIÓN: Adjusting PersistenceUnit personasJTADerby <non-jta-data-source> to Resource ID 'Natureadventure/derbyDataSourceNonJta' from 'null'
may 02, 2015 5:05:07 PM org.apache.openejb.config.AppInfoBuilder build
INFORMACIÓN: Enterprise application "/home/fer/Desktop/natureadventure_rep/Natureadventure/target/apache-tomee/webapps/Natureadventure" loaded.
may 02, 2015 5:05:07 PM org.apache.openejb.assembler.classic.Assembler createApplication
INFORMACIÓN: Assembling app: /home/fer/Desktop/natureadventure_rep/Natureadventure/target/apache-tomee/webapps/Natureadventure
may 02, 2015 5:05:08 PM org.apache.openejb.assembler.classic.ReloadableEntityManagerFactory createDelegate
INFORMACIÓN: PersistenceUnit(name=prueba, provider=org.eclipse.persistence.jpa.PersistenceProvider) - provider time 531ms
may 02, 2015 5:05:08 PM org.apache.openejb.assembler.classic.ReloadableEntityManagerFactory createDelegate
INFORMACIÓN: PersistenceUnit(name=natureadventureJTA, provider=org.eclipse.persistence.jpa.PersistenceProvider) - provider time 37ms
may 02, 2015 5:05:08 PM org.apache.openejb.assembler.classic.ReloadableEntityManagerFactory createDelegate
INFORMACIÓN: PersistenceUnit(name=personasJTADerby, provider=org.eclipse.persistence.jpa.PersistenceProvider) - provider time 19ms
may 02, 2015 5:05:08 PM org.apache.openejb.assembler.classic.JndiBuilder bind
INFORMACIÓN: Jndi(name=MonitorAdminServiciosLocalBean) --> Ejb(deployment-id=MonitorAdminServicios)
may 02, 2015 5:05:08 PM org.apache.openejb.assembler.classic.JndiBuilder bind
INFORMACIÓN: Jndi(name=global/Natureadventure/MonitorAdminServicios!controlador.MonitorAdminServicios) --> Ejb(deployment-id=MonitorAdminServicios)
may 02, 2015 5:05:08 PM org.apache.openejb.assembler.classic.JndiBuilder bind
INFORMACIÓN: Jndi(name=global/Natureadventure/MonitorAdminServicios) --> Ejb(deployment-id=MonitorAdminServicios)
may 02, 2015 5:05:08 PM org.apache.openejb.assembler.classic.JndiBuilder bind
INFORMACIÓN: Jndi(name=ActividadJPALocalBean) --> Ejb(deployment-id=ActividadJPA)
may 02, 2015 5:05:08 PM org.apache.openejb.assembler.classic.JndiBuilder bind
INFORMACIÓN: Jndi(name=global/Natureadventure/ActividadJPA!modelo.dao.ActividadJPA) --> Ejb(deployment-id=ActividadJPA)
may 02, 2015 5:05:08 PM org.apache.openejb.assembler.classic.JndiBuilder bind
INFORMACIÓN: Jndi(name=global/Natureadventure/ActividadJPA) --> Ejb(deployment-id=ActividadJPA)
may 02, 2015 5:05:08 PM org.apache.openejb.assembler.classic.JndiBuilder bind
INFORMACIÓN: Jndi(name=UsuarioJPALocalBean) --> Ejb(deployment-id=UsuarioJPA)
may 02, 2015 5:05:08 PM org.apache.openejb.assembler.classic.JndiBuilder bind
INFORMACIÓN: Jndi(name=global/Natureadventure/UsuarioJPA!modelo.dao.UsuarioJPA) --> Ejb(deployment-id=UsuarioJPA)
may 02, 2015 5:05:08 PM org.apache.openejb.assembler.classic.JndiBuilder bind
INFORMACIÓN: Jndi(name=global/Natureadventure/UsuarioJPA) --> Ejb(deployment-id=UsuarioJPA)
may 02, 2015 5:05:08 PM org.apache.openejb.assembler.classic.JndiBuilder bind
INFORMACIÓN: Jndi(name=LoginJPALocalBean) --> Ejb(deployment-id=LoginJPA)
may 02, 2015 5:05:08 PM org.apache.openejb.assembler.classic.JndiBuilder bind
INFORMACIÓN: Jndi(name=global/Natureadventure/LoginJPA!modelo.dao.LoginJPA) --> Ejb(deployment-id=LoginJPA)
may 02, 2015 5:05:08 PM org.apache.openejb.assembler.classic.JndiBuilder bind
INFORMACIÓN: Jndi(name=global/Natureadventure/LoginJPA) --> Ejb(deployment-id=LoginJPA)
may 02, 2015 5:05:08 PM org.apache.openejb.assembler.classic.JndiBuilder bind
INFORMACIÓN: Jndi(name=ReservaJPALocalBean) --> Ejb(deployment-id=ReservaJPA)
may 02, 2015 5:05:08 PM org.apache.openejb.assembler.classic.JndiBuilder bind
INFORMACIÓN: Jndi(name=global/Natureadventure/ReservaJPA!modelo.dao.ReservaJPA) --> Ejb(deployment-id=ReservaJPA)
may 02, 2015 5:05:08 PM org.apache.openejb.assembler.classic.JndiBuilder bind
INFORMACIÓN: Jndi(name=global/Natureadventure/ReservaJPA) --> Ejb(deployment-id=ReservaJPA)
may 02, 2015 5:05:08 PM org.apache.openejb.assembler.classic.JndiBuilder bind
INFORMACIÓN: Jndi(name=UsuarioServiciosLocalBean) --> Ejb(deployment-id=UsuarioServicios)
may 02, 2015 5:05:08 PM org.apache.openejb.assembler.classic.JndiBuilder bind
INFORMACIÓN: Jndi(name=global/Natureadventure/UsuarioServicios!controlador.UsuarioServicios) --> Ejb(deployment-id=UsuarioServicios)
may 02, 2015 5:05:08 PM org.apache.openejb.assembler.classic.JndiBuilder bind
INFORMACIÓN: Jndi(name=global/Natureadventure/UsuarioServicios) --> Ejb(deployment-id=UsuarioServicios)
may 02, 2015 5:05:08 PM org.apache.openejb.assembler.classic.JndiBuilder bind
INFORMACIÓN: Jndi(name=LoginServiciosLocalBean) --> Ejb(deployment-id=LoginServicios)
may 02, 2015 5:05:08 PM org.apache.openejb.assembler.classic.JndiBuilder bind
INFORMACIÓN: Jndi(name=global/Natureadventure/LoginServicios!controlador.LoginServicios) --> Ejb(deployment-id=LoginServicios)
may 02, 2015 5:05:08 PM org.apache.openejb.assembler.classic.JndiBuilder bind
INFORMACIÓN: Jndi(name=global/Natureadventure/LoginServicios) --> Ejb(deployment-id=LoginServicios)
may 02, 2015 5:05:08 PM org.apache.openejb.assembler.classic.JndiBuilder bind
INFORMACIÓN: Jndi(name=MonitorServiciosLocalBean) --> Ejb(deployment-id=MonitorServicios)
may 02, 2015 5:05:08 PM org.apache.openejb.assembler.classic.JndiBuilder bind
INFORMACIÓN: Jndi(name=global/Natureadventure/MonitorServicios!controlador.MonitorServicios) --> Ejb(deployment-id=MonitorServicios)
may 02, 2015 5:05:08 PM org.apache.openejb.assembler.classic.JndiBuilder bind
INFORMACIÓN: Jndi(name=global/Natureadventure/MonitorServicios) --> Ejb(deployment-id=MonitorServicios)
may 02, 2015 5:05:08 PM org.apache.openejb.assembler.classic.JndiBuilder bind
INFORMACIÓN: Jndi(name=MonitorJPALocalBean) --> Ejb(deployment-id=MonitorJPA)
may 02, 2015 5:05:08 PM org.apache.openejb.assembler.classic.JndiBuilder bind
INFORMACIÓN: Jndi(name=global/Natureadventure/MonitorJPA!modelo.dao.MonitorJPA) --> Ejb(deployment-id=MonitorJPA)
may 02, 2015 5:05:08 PM org.apache.openejb.assembler.classic.JndiBuilder bind
INFORMACIÓN: Jndi(name=global/Natureadventure/MonitorJPA) --> Ejb(deployment-id=MonitorJPA)
may 02, 2015 5:05:08 PM org.apache.openejb.assembler.classic.JndiBuilder bind
INFORMACIÓN: Jndi(name=ActividadServiciosLocalBean) --> Ejb(deployment-id=ActividadServicios)
may 02, 2015 5:05:08 PM org.apache.openejb.assembler.classic.JndiBuilder bind
INFORMACIÓN: Jndi(name=global/Natureadventure/ActividadServicios!controlador.ActividadServicios) --> Ejb(deployment-id=ActividadServicios)
may 02, 2015 5:05:08 PM org.apache.openejb.assembler.classic.JndiBuilder bind
INFORMACIÓN: Jndi(name=global/Natureadventure/ActividadServicios) --> Ejb(deployment-id=ActividadServicios)
may 02, 2015 5:05:08 PM org.apache.openejb.assembler.classic.JndiBuilder bind
INFORMACIÓN: Jndi(name=ReservaServiciosLocalBean) --> Ejb(deployment-id=ReservaServicios)
may 02, 2015 5:05:08 PM org.apache.openejb.assembler.classic.JndiBuilder bind
INFORMACIÓN: Jndi(name=global/Natureadventure/ReservaServicios!controlador.ReservaServicios) --> Ejb(deployment-id=ReservaServicios)
may 02, 2015 5:05:08 PM org.apache.openejb.assembler.classic.JndiBuilder bind
INFORMACIÓN: Jndi(name=global/Natureadventure/ReservaServicios) --> Ejb(deployment-id=ReservaServicios)
may 02, 2015 5:05:08 PM org.apache.openejb.cdi.CdiBuilder initSingleton
INFORMACIÓN: Existing thread singleton service in SystemInstance(): org.apache.openejb.cdi.ThreadSingletonServiceImpl@3182127d
may 02, 2015 5:05:08 PM org.apache.openejb.cdi.OpenEJBLifecycle startApplication
INFORMACIÓN: OpenWebBeans Container is starting...
may 02, 2015 5:05:09 PM org.apache.webbeans.plugins.PluginLoader startUp
INFORMACIÓN: Adding OpenWebBeansPlugin : [CdiPlugin]
may 02, 2015 5:05:09 PM org.apache.webbeans.plugins.PluginLoader startUp
INFORMACIÓN: Adding OpenWebBeansPlugin : [OpenWebBeansJsfPlugin]
may 02, 2015 5:05:09 PM org.apache.webbeans.config.BeansDeployer validateInjectionPoints
INFORMACIÓN: All injection points were validated successfully.
may 02, 2015 5:05:09 PM org.apache.openejb.cdi.OpenEJBLifecycle startApplication
INFORMACIÓN: OpenWebBeans Container has started, it took 419 ms.
may 02, 2015 5:05:09 PM org.apache.openejb.assembler.classic.Assembler startEjbs
INFORMACIÓN: Created Ejb(deployment-id=MonitorServicios, ejb-name=MonitorServicios, container=Default Stateless Container)
may 02, 2015 5:05:09 PM org.apache.openejb.assembler.classic.Assembler startEjbs
INFORMACIÓN: Created Ejb(deployment-id=ReservaJPA, ejb-name=ReservaJPA, container=Default Stateless Container)
may 02, 2015 5:05:09 PM org.apache.openejb.assembler.classic.Assembler startEjbs
INFORMACIÓN: Created Ejb(deployment-id=ActividadServicios, ejb-name=ActividadServicios, container=Default Stateless Container)
may 02, 2015 5:05:09 PM org.apache.openejb.assembler.classic.Assembler startEjbs
INFORMACIÓN: Created Ejb(deployment-id=ActividadJPA, ejb-name=ActividadJPA, container=Default Stateless Container)
may 02, 2015 5:05:09 PM org.apache.openejb.assembler.classic.Assembler startEjbs
INFORMACIÓN: Created Ejb(deployment-id=UsuarioServicios, ejb-name=UsuarioServicios, container=Default Stateless Container)
may 02, 2015 5:05:09 PM org.apache.openejb.assembler.classic.Assembler startEjbs
INFORMACIÓN: Created Ejb(deployment-id=UsuarioJPA, ejb-name=UsuarioJPA, container=Default Stateless Container)
may 02, 2015 5:05:09 PM org.apache.openejb.assembler.classic.Assembler startEjbs
INFORMACIÓN: Created Ejb(deployment-id=ReservaServicios, ejb-name=ReservaServicios, container=Default Stateless Container)
may 02, 2015 5:05:09 PM org.apache.openejb.assembler.classic.Assembler startEjbs
INFORMACIÓN: Created Ejb(deployment-id=LoginJPA, ejb-name=LoginJPA, container=Default Stateless Container)
may 02, 2015 5:05:09 PM org.apache.openejb.assembler.classic.Assembler startEjbs
INFORMACIÓN: Created Ejb(deployment-id=MonitorAdminServicios, ejb-name=MonitorAdminServicios, container=Default Stateless Container)
may 02, 2015 5:05:09 PM org.apache.openejb.assembler.classic.Assembler startEjbs
INFORMACIÓN: Created Ejb(deployment-id=MonitorJPA, ejb-name=MonitorJPA, container=Default Stateless Container)
may 02, 2015 5:05:09 PM org.apache.openejb.assembler.classic.Assembler startEjbs
INFORMACIÓN: Created Ejb(deployment-id=LoginServicios, ejb-name=LoginServicios, container=Default Stateless Container)
may 02, 2015 5:05:09 PM org.apache.openejb.assembler.classic.Assembler startEjbs
INFORMACIÓN: Started Ejb(deployment-id=MonitorServicios, ejb-name=MonitorServicios, container=Default Stateless Container)
may 02, 2015 5:05:09 PM org.apache.openejb.assembler.classic.Assembler startEjbs
INFORMACIÓN: Started Ejb(deployment-id=ReservaJPA, ejb-name=ReservaJPA, container=Default Stateless Container)
may 02, 2015 5:05:09 PM org.apache.openejb.assembler.classic.Assembler startEjbs
INFORMACIÓN: Started Ejb(deployment-id=ActividadServicios, ejb-name=ActividadServicios, container=Default Stateless Container)
may 02, 2015 5:05:09 PM org.apache.openejb.assembler.classic.Assembler startEjbs
INFORMACIÓN: Started Ejb(deployment-id=ActividadJPA, ejb-name=ActividadJPA, container=Default Stateless Container)
may 02, 2015 5:05:09 PM org.apache.openejb.assembler.classic.Assembler startEjbs
INFORMACIÓN: Started Ejb(deployment-id=UsuarioServicios, ejb-name=UsuarioServicios, container=Default Stateless Container)
may 02, 2015 5:05:09 PM org.apache.openejb.assembler.classic.Assembler startEjbs
INFORMACIÓN: Started Ejb(deployment-id=UsuarioJPA, ejb-name=UsuarioJPA, container=Default Stateless Container)
may 02, 2015 5:05:09 PM org.apache.openejb.assembler.classic.Assembler startEjbs
INFORMACIÓN: Started Ejb(deployment-id=ReservaServicios, ejb-name=ReservaServicios, container=Default Stateless Container)
may 02, 2015 5:05:09 PM org.apache.openejb.assembler.classic.Assembler startEjbs
INFORMACIÓN: Started Ejb(deployment-id=LoginJPA, ejb-name=LoginJPA, container=Default Stateless Container)
may 02, 2015 5:05:09 PM org.apache.openejb.assembler.classic.Assembler startEjbs
INFORMACIÓN: Started Ejb(deployment-id=MonitorAdminServicios, ejb-name=MonitorAdminServicios, container=Default Stateless Container)
may 02, 2015 5:05:09 PM org.apache.openejb.assembler.classic.Assembler startEjbs
INFORMACIÓN: Started Ejb(deployment-id=MonitorJPA, ejb-name=MonitorJPA, container=Default Stateless Container)
may 02, 2015 5:05:09 PM org.apache.openejb.assembler.classic.Assembler startEjbs
INFORMACIÓN: Started Ejb(deployment-id=LoginServicios, ejb-name=LoginServicios, container=Default Stateless Container)
may 02, 2015 5:05:09 PM org.apache.openejb.assembler.classic.Assembler createApplication
INFORMACIÓN: Deployed Application(path=/home/fer/Desktop/natureadventure_rep/Natureadventure/target/apache-tomee/webapps/Natureadventure)
may 02, 2015 5:05:10 PM org.apache.openejb.server.cxf.rs.CxfRsHttpListener configureFactory
INFORMACIÓN: Using providers:
may 02, 2015 5:05:10 PM org.apache.openejb.server.cxf.rs.CxfRsHttpListener configureFactory
INFORMACIÓN:      org.apache.cxf.jaxrs.provider.JAXBElementProvider@471f4bd5
may 02, 2015 5:05:10 PM org.apache.openejb.server.cxf.rs.CxfRsHttpListener configureFactory
INFORMACIÓN:      org.apache.openejb.server.cxf.rs.EJBAccessExceptionMapper@57abb16d
may 02, 2015 5:05:10 PM org.apache.openejb.server.cxf.rs.CxfRsHttpListener logEndpoints
INFORMACIÓN: REST Application: http://localhost:8080/Natureadventure/                                                 -> org.apache.openejb.server.rest.InternalApplication
may 02, 2015 5:05:10 PM org.apache.openejb.server.cxf.rs.CxfRsHttpListener logEndpoints
INFORMACIÓN:      Service URI: http://localhost:8080/Natureadventure/gerente/actividades                              ->  EJB controlador.ActividadServicios   
may 02, 2015 5:05:10 PM org.apache.openejb.server.cxf.rs.CxfRsHttpListener logEndpoints
INFORMACIÓN:               GET http://localhost:8080/Natureadventure/gerente/actividades/                             ->      Response listaTodasActividadesActivas()             
may 02, 2015 5:05:10 PM org.apache.openejb.server.cxf.rs.CxfRsHttpListener logEndpoints
INFORMACIÓN:               GET http://localhost:8080/Natureadventure/gerente/actividades/archivadas                   ->      Response listaTodasActividadesArchivadas()          
may 02, 2015 5:05:10 PM org.apache.openejb.server.cxf.rs.CxfRsHttpListener logEndpoints
INFORMACIÓN:               GET http://localhost:8080/Natureadventure/gerente/actividades/{nombre}                     ->      Response buscarActividadPorNombre(String)           
may 02, 2015 5:05:10 PM org.apache.openejb.server.cxf.rs.CxfRsHttpListener logEndpoints
INFORMACIÓN:              POST http://localhost:8080/Natureadventure/gerente/actividades/                             ->      Response nuevaEntradaDesdeFormulario(String, String)
may 02, 2015 5:05:10 PM org.apache.openejb.server.cxf.rs.CxfRsHttpListener logEndpoints
INFORMACIÓN:               PUT http://localhost:8080/Natureadventure/gerente/actividades/estado/{nombre}              ->      Response cambiaEstado(String)                       
may 02, 2015 5:05:10 PM org.apache.openejb.server.cxf.rs.CxfRsHttpListener logEndpoints
INFORMACIÓN:               PUT http://localhost:8080/Natureadventure/gerente/actividades/{nombre}                     ->      Response creaNuevaEntrada(String, Actividad)        
may 02, 2015 5:05:10 PM org.apache.openejb.server.cxf.rs.CxfRsHttpListener logEndpoints
INFORMACIÓN:      Service URI: http://localhost:8080/Natureadventure/gerente/monitores                                ->  EJB controlador.MonitorServicios     
may 02, 2015 5:05:10 PM org.apache.openejb.server.cxf.rs.CxfRsHttpListener logEndpoints
INFORMACIÓN:               GET http://localhost:8080/Natureadventure/gerente/monitores/activos                        ->      Response listaTodosMonitoresActivos()      
may 02, 2015 5:05:10 PM org.apache.openejb.server.cxf.rs.CxfRsHttpListener logEndpoints
INFORMACIÓN:               GET http://localhost:8080/Natureadventure/gerente/monitores/nodisponibles                  ->      Response listaTodosMonitoresNoDisponibles()
may 02, 2015 5:05:10 PM org.apache.openejb.server.cxf.rs.CxfRsHttpListener logEndpoints
INFORMACIÓN:               GET http://localhost:8080/Natureadventure/gerente/monitores/{dni}                          ->      Response buscarMonitorPorDni(String)       
may 02, 2015 5:05:10 PM org.apache.openejb.server.cxf.rs.CxfRsHttpListener logEndpoints
INFORMACIÓN:               PUT http://localhost:8080/Natureadventure/gerente/monitores/actualizar/{dni}               ->      Response actualizaMonitor(String, Usuario) 
may 02, 2015 5:05:10 PM org.apache.openejb.server.cxf.rs.CxfRsHttpListener logEndpoints
INFORMACIÓN:               PUT http://localhost:8080/Natureadventure/gerente/monitores/anyadir/{dni}                  ->      Response creaNuevaEntrada(String, Usuario) 
may 02, 2015 5:05:10 PM org.apache.openejb.server.cxf.rs.CxfRsHttpListener logEndpoints
INFORMACIÓN:               PUT http://localhost:8080/Natureadventure/gerente/monitores/{dni}                          ->      Response cambiaEstado(String)              
may 02, 2015 5:05:10 PM org.apache.openejb.server.cxf.rs.CxfRsHttpListener logEndpoints
INFORMACIÓN:      Service URI: http://localhost:8080/Natureadventure/gerente/reservas                                 ->  EJB controlador.ReservaServicios     
may 02, 2015 5:05:10 PM org.apache.openejb.server.cxf.rs.CxfRsHttpListener logEndpoints
INFORMACIÓN:               GET http://localhost:8080/Natureadventure/gerente/reservas/aceptadas                       ->      Response listaTodasReservasAceptadas()          
may 02, 2015 5:05:10 PM org.apache.openejb.server.cxf.rs.CxfRsHttpListener logEndpoints
INFORMACIÓN:               GET http://localhost:8080/Natureadventure/gerente/reservas/pendientes                      ->      Response listaTodasReservasPendientes()         
may 02, 2015 5:05:10 PM org.apache.openejb.server.cxf.rs.CxfRsHttpListener logEndpoints
INFORMACIÓN:               GET http://localhost:8080/Natureadventure/gerente/reservas/reserva/{dni}/{fechaReserva}    ->      Response buscaReserva(String, String)           
may 02, 2015 5:05:10 PM org.apache.openejb.server.cxf.rs.CxfRsHttpListener logEndpoints
INFORMACIÓN:               GET http://localhost:8080/Natureadventure/gerente/reservas/{especialidad}/{fechaActividad} ->      Response buscarMonitorDisponible(String, String)
may 02, 2015 5:05:10 PM org.apache.openejb.server.cxf.rs.CxfRsHttpListener logEndpoints
INFORMACIÓN:               PUT http://localhost:8080/Natureadventure/gerente/reservas/{dniMonitor}                    ->      Response actualizaActividad(String, Reserva)    
may 02, 2015 5:05:10 PM org.apache.openejb.server.cxf.rs.CxfRsHttpListener logEndpoints
INFORMACIÓN:               PUT http://localhost:8080/Natureadventure/gerente/reservas/{dni}/{fechaReserva}            ->      Response cambiaEstado(String, String)           
may 02, 2015 5:05:10 PM org.apache.openejb.server.cxf.rs.CxfRsHttpListener logEndpoints
INFORMACIÓN:      Service URI: http://localhost:8080/Natureadventure/login                                            ->  EJB controlador.LoginServicios       
may 02, 2015 5:05:10 PM org.apache.openejb.server.cxf.rs.CxfRsHttpListener logEndpoints
INFORMACIÓN:               GET http://localhost:8080/Natureadventure/login/{username}/{password}                      ->      Response comprobarLogin(String, String)
may 02, 2015 5:05:10 PM org.apache.openejb.server.cxf.rs.CxfRsHttpListener logEndpoints
INFORMACIÓN:      Service URI: http://localhost:8080/Natureadventure/monitor/reservas                                 ->  EJB controlador.MonitorAdminServicios
may 02, 2015 5:05:10 PM org.apache.openejb.server.cxf.rs.CxfRsHttpListener logEndpoints
INFORMACIÓN:               GET http://localhost:8080/Natureadventure/monitor/reservas/pasadas/{username}              ->      Response listaTodasReservasPasadas(String)   
may 02, 2015 5:05:10 PM org.apache.openejb.server.cxf.rs.CxfRsHttpListener logEndpoints
INFORMACIÓN:               GET http://localhost:8080/Natureadventure/monitor/reservas/supervisar/{username}           ->      Response listaTodasReservasSupervisar(String)
may 02, 2015 5:05:10 PM org.apache.openejb.server.cxf.rs.CxfRsHttpListener logEndpoints
INFORMACIÓN:      Service URI: http://localhost:8080/Natureadventure/usuario/perfil                                   ->  EJB controlador.UsuarioServicios     
may 02, 2015 5:05:10 PM org.apache.openejb.server.cxf.rs.CxfRsHttpListener logEndpoints
INFORMACIÓN:               GET http://localhost:8080/Natureadventure/usuario/perfil/{username}                        ->      Response perfilUsuario(String)            
may 02, 2015 5:05:10 PM org.apache.openejb.server.cxf.rs.CxfRsHttpListener logEndpoints
INFORMACIÓN:               PUT http://localhost:8080/Natureadventure/usuario/perfil/{username}                        ->      Response creaNuevaEntrada(String, Usuario)
may 02, 2015 5:05:10 PM org.apache.catalina.startup.HostConfig deployWAR
INFORMACIÓN: Deployment of web application archive /home/fer/Desktop/natureadventure_rep/Natureadventure/target/apache-tomee/webapps/Natureadventure.war has finished in 7.328 ms
may 02, 2015 5:05:10 PM org.apache.coyote.AbstractProtocol start
INFORMACIÓN: Starting ProtocolHandler ["http-bio-8080"]
may 02, 2015 5:05:10 PM org.apache.coyote.AbstractProtocol start
INFORMACIÓN: Starting ProtocolHandler ["ajp-bio-8009"]
may 02, 2015 5:05:10 PM org.apache.catalina.startup.Catalina start
INFORMACIÓN: Server startup in 7480 ms
may 02, 2015 5:22:24 PM org.apache.catalina.core.StandardServer await
INFORMACIÓN: Se ha recibido un comando de apagado a través del puerto de apagado. Parando la instancia del Servidor.
may 02, 2015 5:22:24 PM org.apache.coyote.AbstractProtocol pause
INFORMACIÓN: Pausing ProtocolHandler ["http-bio-8080"]
may 02, 2015 5:22:24 PM org.apache.coyote.AbstractProtocol pause
INFORMACIÓN: Pausing ProtocolHandler ["ajp-bio-8009"]
may 02, 2015 5:22:24 PM org.apache.catalina.core.StandardService stopInternal
INFORMACIÓN: Parando servicio Catalina
may 02, 2015 5:22:24 PM org.apache.openejb.assembler.classic.Assembler destroyApplication
INFORMACIÓN: Undeploying app: /home/fer/Desktop/natureadventure_rep/Natureadventure/target/apache-tomee/webapps/Natureadventure
may 02, 2015 5:22:24 PM org.apache.openejb.assembler.classic.Assembler destroyResource
INFORMACIÓN: Closing DataSource: Natureadventure/derbyDataSource
may 02, 2015 5:22:24 PM org.apache.openejb.assembler.classic.Assembler destroyResource
INFORMACIÓN: Closing DataSource: Natureadventure/mysqlDataSource
may 02, 2015 5:22:24 PM org.apache.catalina.loader.WebappClassLoader clearReferencesJdbc
GRAVE: La aplicación web [/Natureadventure] registró el conductor JDBC [org.apache.derby.jdbc.AutoloadedDriver] pero falló al anular el registro mientras la aplicación web estaba parada. Para prevenir un fallo de memoria, se ha anulado el registro del conductor JDBC por la fuerza.
may 02, 2015 5:22:24 PM org.apache.catalina.loader.WebappClassLoader clearReferencesJdbc
GRAVE: La aplicación web [/Natureadventure] registró el conductor JDBC [com.mysql.jdbc.Driver] pero falló al anular el registro mientras la aplicación web estaba parada. Para prevenir un fallo de memoria, se ha anulado el registro del conductor JDBC por la fuerza.
may 02, 2015 5:22:24 PM org.apache.catalina.loader.WebappClassLoader clearReferencesThreads
GRAVE: La aplicación web [/Natureadventure] parece haber arrancado un hilo llamado [Abandoned connection cleanup thread] pero no ha podido pararlo. Esto tiene todas las papeletas de convertirse en un fallo de memoria.
may 02, 2015 5:22:24 PM org.apache.coyote.AbstractProtocol stop
INFORMACIÓN: Stopping ProtocolHandler ["http-bio-8080"]
may 02, 2015 5:22:24 PM org.apache.coyote.AbstractProtocol stop
INFORMACIÓN: Stopping ProtocolHandler ["ajp-bio-8009"]
may 02, 2015 5:22:24 PM org.apache.openejb.server.SimpleServiceManager stop
INFORMACIÓN: Stopping server services
may 02, 2015 5:22:24 PM org.apache.openejb.assembler.classic.Assembler destroyResource
INFORMACIÓN: Closing DataSource: mysqlDataSourceNonJta
may 02, 2015 5:22:24 PM org.apache.openejb.assembler.classic.Assembler destroyResource
INFORMACIÓN: Closing DataSource: derbyDataSourceNonJta
may 02, 2015 5:22:24 PM org.apache.coyote.AbstractProtocol destroy
INFORMACIÓN: Destroying ProtocolHandler ["http-bio-8080"]
may 02, 2015 5:22:24 PM org.apache.coyote.AbstractProtocol destroy
INFORMACIÓN: Destroying ProtocolHandler ["ajp-bio-8009"]
