abr 21, 2015 11:13:15 PM org.apache.openejb.persistence.PersistenceBootstrap getDefaultProvider
INFORMACIÓN: Default JPA Provider changed to org.eclipse.persistence.jpa.PersistenceProvider
abr 21, 2015 11:13:16 PM org.apache.catalina.core.AprLifecycleListener init
INFORMACIÓN: La biblioteca nativa de Apache Tomcat basada en ARP que permite un rendimiento óptimo en entornos de desarrollo no ha sido hallada en java.library.path: /usr/java/packages/lib/amd64:/usr/lib/x86_64-linux-gnu/jni:/lib/x86_64-linux-gnu:/usr/lib/x86_64-linux-gnu:/usr/lib/jni:/lib:/usr/lib
abr 21, 2015 11:13:16 PM org.apache.coyote.AbstractProtocol init
INFORMACIÓN: Initializing ProtocolHandler ["http-bio-8080"]
abr 21, 2015 11:13:16 PM org.apache.coyote.AbstractProtocol init
INFORMACIÓN: Initializing ProtocolHandler ["ajp-bio-8009"]
abr 21, 2015 11:13:17 PM org.apache.openejb.util.OptionsLog info
INFORMACIÓN: Using 'tomee.remote.support=true'
abr 21, 2015 11:13:17 PM org.apache.openejb.util.OptionsLog info
INFORMACIÓN: Using 'openejb.jdbc.datasource-creator=org.apache.tomee.jdbc.TomEEDataSourceCreator'
abr 21, 2015 11:13:18 PM org.apache.openejb.OpenEJB$Instance <init>
INFORMACIÓN: ********************************************************************************
abr 21, 2015 11:13:18 PM org.apache.openejb.OpenEJB$Instance <init>
INFORMACIÓN: OpenEJB http://openejb.apache.org/
abr 21, 2015 11:13:18 PM org.apache.openejb.OpenEJB$Instance <init>
INFORMACIÓN: Startup: Tue Apr 21 23:13:18 CEST 2015
abr 21, 2015 11:13:18 PM org.apache.openejb.OpenEJB$Instance <init>
INFORMACIÓN: Copyright 1999-2013 (C) Apache OpenEJB Project, All Rights Reserved.
abr 21, 2015 11:13:18 PM org.apache.openejb.OpenEJB$Instance <init>
INFORMACIÓN: Version: 4.7.1
abr 21, 2015 11:13:18 PM org.apache.openejb.OpenEJB$Instance <init>
INFORMACIÓN: Build date: 20140912
abr 21, 2015 11:13:18 PM org.apache.openejb.OpenEJB$Instance <init>
INFORMACIÓN: Build time: 01:43
abr 21, 2015 11:13:18 PM org.apache.openejb.OpenEJB$Instance <init>
INFORMACIÓN: ********************************************************************************
abr 21, 2015 11:13:18 PM org.apache.openejb.OpenEJB$Instance <init>
INFORMACIÓN: openejb.home = /home/fer/Desktop/natureadventure_rep/Natureadventure/target/apache-tomee
abr 21, 2015 11:13:18 PM org.apache.openejb.OpenEJB$Instance <init>
INFORMACIÓN: openejb.base = /home/fer/Desktop/natureadventure_rep/Natureadventure/target/apache-tomee
abr 21, 2015 11:13:18 PM org.apache.openejb.cdi.CdiBuilder initializeOWB
INFORMACIÓN: Created new singletonService org.apache.openejb.cdi.ThreadSingletonServiceImpl@77921311
abr 21, 2015 11:13:18 PM org.apache.openejb.cdi.CdiBuilder initializeOWB
INFORMACIÓN: Succeeded in installing singleton service
abr 21, 2015 11:13:18 PM org.apache.openejb.config.ConfigurationFactory init
INFORMACIÓN: openejb configuration file is '/home/fer/Desktop/natureadventure_rep/Natureadventure/target/apache-tomee/conf/tomee.xml'
abr 21, 2015 11:13:18 PM org.apache.openejb.config.ConfigurationFactory configureService
INFORMACIÓN: Configuring Service(id=Tomcat Security Service, type=SecurityService, provider-id=Tomcat Security Service)
abr 21, 2015 11:13:18 PM org.apache.openejb.config.ConfigurationFactory configureService
INFORMACIÓN: Configuring Service(id=Default Transaction Manager, type=TransactionManager, provider-id=Default Transaction Manager)
abr 21, 2015 11:13:18 PM org.apache.openejb.util.OptionsLog info
INFORMACIÓN: Using 'openejb.system.apps=false'
abr 21, 2015 11:13:18 PM org.apache.openejb.util.OptionsLog info
INFORMACIÓN: Using 'openejb.deployments.classpath=false'
abr 21, 2015 11:13:18 PM org.apache.openejb.assembler.classic.Assembler createRecipe
INFORMACIÓN: Creating TransactionManager(id=Default Transaction Manager)
abr 21, 2015 11:13:18 PM org.apache.openejb.assembler.classic.Assembler createRecipe
INFORMACIÓN: Creating SecurityService(id=Tomcat Security Service)
abr 21, 2015 11:13:18 PM org.apache.openejb.server.ServiceManager initServer
INFORMACIÓN: Creating ServerService(id=cxf)
abr 21, 2015 11:13:18 PM org.apache.openejb.server.ServiceManager initServer
INFORMACIÓN: Creating ServerService(id=cxf-rs)
abr 21, 2015 11:13:18 PM org.apache.openejb.server.SimpleServiceManager start
INFORMACIÓN:   ** Bound Services **
abr 21, 2015 11:13:18 PM org.apache.openejb.server.SimpleServiceManager printRow
INFORMACIÓN:   NAME                 IP              PORT  
abr 21, 2015 11:13:18 PM org.apache.openejb.server.SimpleServiceManager start
INFORMACIÓN: -------
abr 21, 2015 11:13:18 PM org.apache.openejb.server.SimpleServiceManager start
INFORMACIÓN: Ready!
abr 21, 2015 11:13:18 PM org.apache.catalina.startup.Catalina load
INFORMACIÓN: Initialization processed in 3071 ms
abr 21, 2015 11:13:18 PM org.apache.tomee.catalina.OpenEJBNamingContextListener bindResource
INFORMACIÓN: Importing a Tomcat Resource with id 'UserDatabase' of type 'org.apache.catalina.UserDatabase'.
abr 21, 2015 11:13:18 PM org.apache.openejb.assembler.classic.Assembler createRecipe
INFORMACIÓN: Creating Resource(id=UserDatabase)
abr 21, 2015 11:13:18 PM org.apache.catalina.core.StandardService startInternal
INFORMACIÓN: Arrancando servicio Catalina
abr 21, 2015 11:13:18 PM org.apache.catalina.core.StandardEngine startInternal
INFORMACIÓN: Starting Servlet Engine: Apache Tomcat (TomEE)/7.0.55 (1.7.1)
abr 21, 2015 11:13:19 PM org.apache.catalina.startup.HostConfig deployWAR
INFORMACIÓN: Despliegue del archivo /home/fer/Desktop/natureadventure_rep/Natureadventure/target/apache-tomee/webapps/Natureadventure.war de la aplicación web
abr 21, 2015 11:13:19 PM org.apache.tomee.catalina.TomcatWebAppBuilder init
INFORMACIÓN: ------------------------- localhost -> /Natureadventure
abr 21, 2015 11:13:19 PM org.apache.openejb.util.JarExtractor extract
INFORMACIÓN: Extracting jar: /home/fer/Desktop/natureadventure_rep/Natureadventure/target/apache-tomee/webapps/Natureadventure.war
abr 21, 2015 11:13:19 PM org.apache.openejb.util.JarExtractor extract
INFORMACIÓN: Extracted path: /home/fer/Desktop/natureadventure_rep/Natureadventure/target/apache-tomee/webapps/Natureadventure
abr 21, 2015 11:13:19 PM org.apache.openejb.util.OptionsLog info
INFORMACIÓN: Using 'openejb.session.manager=org.apache.tomee.catalina.session.QuickSessionManager'
abr 21, 2015 11:13:20 PM org.apache.openejb.config.ConfigurationFactory configureApplication
INFORMACIÓN: Configuring enterprise application: /home/fer/Desktop/natureadventure_rep/Natureadventure/target/apache-tomee/webapps/Natureadventure
abr 21, 2015 11:13:21 PM org.apache.openejb.config.InitEjbDeployments deploy
INFORMACIÓN: Auto-deploying ejb LoginServicios: EjbDeployment(deployment-id=LoginServicios)
abr 21, 2015 11:13:21 PM org.apache.openejb.config.InitEjbDeployments deploy
INFORMACIÓN: Auto-deploying ejb LoginJPA: EjbDeployment(deployment-id=LoginJPA)
abr 21, 2015 11:13:21 PM org.apache.openejb.config.InitEjbDeployments deploy
INFORMACIÓN: Auto-deploying ejb ActividadServicios: EjbDeployment(deployment-id=ActividadServicios)
abr 21, 2015 11:13:21 PM org.apache.openejb.config.InitEjbDeployments deploy
INFORMACIÓN: Auto-deploying ejb ActividadJPA: EjbDeployment(deployment-id=ActividadJPA)
abr 21, 2015 11:13:21 PM org.apache.openejb.config.ConfigurationFactory configureService
INFORMACIÓN: Configuring Service(id=Natureadventure/derbyDataSource, type=Resource, provider-id=Default JDBC Database)
abr 21, 2015 11:13:21 PM org.apache.openejb.config.ConfigurationFactory configureService
INFORMACIÓN: Configuring Service(id=Natureadventure/mysqlDataSource, type=Resource, provider-id=Default JDBC Database)
abr 21, 2015 11:13:21 PM org.apache.openejb.assembler.classic.Assembler createRecipe
INFORMACIÓN: Creating Resource(id=Natureadventure/derbyDataSource)
abr 21, 2015 11:13:22 PM org.apache.tomee.jdbc.TomEEDataSourceCreator$TomEEDataSource readOnly
INFORMACIÓN: Disabling testOnBorrow since no validation query is provided
abr 21, 2015 11:13:22 PM org.apache.openejb.assembler.classic.Assembler createRecipe
INFORMACIÓN: Creating Resource(id=Natureadventure/mysqlDataSource)
abr 21, 2015 11:13:22 PM org.apache.tomee.jdbc.TomEEDataSourceCreator$TomEEDataSource readOnly
INFORMACIÓN: Disabling testOnBorrow since no validation query is provided
abr 21, 2015 11:13:22 PM org.apache.openejb.config.ConfigurationFactory configureService
INFORMACIÓN: Configuring Service(id=Default Managed Container, type=Container, provider-id=Default Managed Container)
abr 21, 2015 11:13:22 PM org.apache.openejb.config.AutoConfig createContainer
INFORMACIÓN: Auto-creating a container for bean Natureadventure.Comp573721433: Container(type=MANAGED, id=Default Managed Container)
abr 21, 2015 11:13:22 PM org.apache.openejb.assembler.classic.Assembler createRecipe
INFORMACIÓN: Creating Container(id=Default Managed Container)
abr 21, 2015 11:13:22 PM org.apache.openejb.core.managed.SimplePassivater init
INFORMACIÓN: Using directory /home/fer/Desktop/natureadventure_rep/Natureadventure/target/apache-tomee/temp for stateful session passivation
abr 21, 2015 11:13:22 PM org.apache.openejb.config.AutoConfig processResourceRef
INFORMACIÓN: Auto-linking resource-ref 'openejb/Resource/Natureadventure/derbyDataSource' in bean Natureadventure.Comp573721433 to Resource(id=Natureadventure/derbyDataSource)
abr 21, 2015 11:13:22 PM org.apache.openejb.config.AutoConfig processResourceRef
INFORMACIÓN: Auto-linking resource-ref 'openejb/Resource/derbyDataSource' in bean Natureadventure.Comp573721433 to Resource(id=Natureadventure/derbyDataSource)
abr 21, 2015 11:13:22 PM org.apache.openejb.config.AutoConfig processResourceRef
INFORMACIÓN: Auto-linking resource-ref 'openejb/Resource/Natureadventure/mysqlDataSource' in bean Natureadventure.Comp573721433 to Resource(id=Natureadventure/mysqlDataSource)
abr 21, 2015 11:13:22 PM org.apache.openejb.config.AutoConfig processResourceRef
INFORMACIÓN: Auto-linking resource-ref 'openejb/Resource/mysqlDataSource' in bean Natureadventure.Comp573721433 to Resource(id=Natureadventure/mysqlDataSource)
abr 21, 2015 11:13:22 PM org.apache.openejb.config.ConfigurationFactory configureService
INFORMACIÓN: Configuring Service(id=Default Stateless Container, type=Container, provider-id=Default Stateless Container)
abr 21, 2015 11:13:22 PM org.apache.openejb.config.AutoConfig createContainer
INFORMACIÓN: Auto-creating a container for bean LoginServicios: Container(type=STATELESS, id=Default Stateless Container)
abr 21, 2015 11:13:22 PM org.apache.openejb.assembler.classic.Assembler createRecipe
INFORMACIÓN: Creating Container(id=Default Stateless Container)
abr 21, 2015 11:13:22 PM org.apache.openejb.config.AutoConfig processResourceRef
INFORMACIÓN: Auto-linking resource-ref 'openejb/Resource/Natureadventure/derbyDataSource' in bean LoginServicios to Resource(id=Natureadventure/derbyDataSource)
abr 21, 2015 11:13:22 PM org.apache.openejb.config.AutoConfig processResourceRef
INFORMACIÓN: Auto-linking resource-ref 'openejb/Resource/derbyDataSource' in bean LoginServicios to Resource(id=Natureadventure/derbyDataSource)
abr 21, 2015 11:13:22 PM org.apache.openejb.config.AutoConfig processResourceRef
INFORMACIÓN: Auto-linking resource-ref 'openejb/Resource/Natureadventure/mysqlDataSource' in bean LoginServicios to Resource(id=Natureadventure/mysqlDataSource)
abr 21, 2015 11:13:22 PM org.apache.openejb.config.AutoConfig processResourceRef
INFORMACIÓN: Auto-linking resource-ref 'openejb/Resource/mysqlDataSource' in bean LoginServicios to Resource(id=Natureadventure/mysqlDataSource)
abr 21, 2015 11:13:22 PM org.apache.openejb.config.AutoConfig processResourceRef
INFORMACIÓN: Auto-linking resource-ref 'openejb/Resource/Natureadventure/derbyDataSource' in bean LoginJPA to Resource(id=Natureadventure/derbyDataSource)
abr 21, 2015 11:13:22 PM org.apache.openejb.config.AutoConfig processResourceRef
INFORMACIÓN: Auto-linking resource-ref 'openejb/Resource/derbyDataSource' in bean LoginJPA to Resource(id=Natureadventure/derbyDataSource)
abr 21, 2015 11:13:22 PM org.apache.openejb.config.AutoConfig processResourceRef
INFORMACIÓN: Auto-linking resource-ref 'openejb/Resource/Natureadventure/mysqlDataSource' in bean LoginJPA to Resource(id=Natureadventure/mysqlDataSource)
abr 21, 2015 11:13:22 PM org.apache.openejb.config.AutoConfig processResourceRef
INFORMACIÓN: Auto-linking resource-ref 'openejb/Resource/mysqlDataSource' in bean LoginJPA to Resource(id=Natureadventure/mysqlDataSource)
abr 21, 2015 11:13:22 PM org.apache.openejb.config.AutoConfig processResourceRef
INFORMACIÓN: Auto-linking resource-ref 'openejb/Resource/Natureadventure/derbyDataSource' in bean ActividadServicios to Resource(id=Natureadventure/derbyDataSource)
abr 21, 2015 11:13:22 PM org.apache.openejb.config.AutoConfig processResourceRef
INFORMACIÓN: Auto-linking resource-ref 'openejb/Resource/derbyDataSource' in bean ActividadServicios to Resource(id=Natureadventure/derbyDataSource)
abr 21, 2015 11:13:22 PM org.apache.openejb.config.AutoConfig processResourceRef
INFORMACIÓN: Auto-linking resource-ref 'openejb/Resource/Natureadventure/mysqlDataSource' in bean ActividadServicios to Resource(id=Natureadventure/mysqlDataSource)
abr 21, 2015 11:13:22 PM org.apache.openejb.config.AutoConfig processResourceRef
INFORMACIÓN: Auto-linking resource-ref 'openejb/Resource/mysqlDataSource' in bean ActividadServicios to Resource(id=Natureadventure/mysqlDataSource)
abr 21, 2015 11:13:22 PM org.apache.openejb.config.AutoConfig processResourceRef
INFORMACIÓN: Auto-linking resource-ref 'openejb/Resource/Natureadventure/derbyDataSource' in bean ActividadJPA to Resource(id=Natureadventure/derbyDataSource)
abr 21, 2015 11:13:22 PM org.apache.openejb.config.AutoConfig processResourceRef
INFORMACIÓN: Auto-linking resource-ref 'openejb/Resource/derbyDataSource' in bean ActividadJPA to Resource(id=Natureadventure/derbyDataSource)
abr 21, 2015 11:13:22 PM org.apache.openejb.config.AutoConfig processResourceRef
INFORMACIÓN: Auto-linking resource-ref 'openejb/Resource/Natureadventure/mysqlDataSource' in bean ActividadJPA to Resource(id=Natureadventure/mysqlDataSource)
abr 21, 2015 11:13:22 PM org.apache.openejb.config.AutoConfig processResourceRef
INFORMACIÓN: Auto-linking resource-ref 'openejb/Resource/mysqlDataSource' in bean ActividadJPA to Resource(id=Natureadventure/mysqlDataSource)
abr 21, 2015 11:13:22 PM org.apache.openejb.config.AutoConfig deploy
INFORMACIÓN: Configuring PersistenceUnit(name=prueba, provider=org.eclipse.persistence.jpa.PersistenceProvider)
abr 21, 2015 11:13:22 PM org.apache.openejb.config.AutoConfig logAutoCreateResource
INFORMACIÓN: Auto-creating a Resource with id 'Natureadventure/derbyDataSourceNonJta' of type 'DataSource for 'prueba'.
abr 21, 2015 11:13:22 PM org.apache.openejb.config.AutoConfig deploy
INFORMACIÓN: Configuring Service(id=Natureadventure/derbyDataSourceNonJta, type=Resource, provider-id=Natureadventure/derbyDataSource)
abr 21, 2015 11:13:22 PM org.apache.openejb.assembler.classic.Assembler createRecipe
INFORMACIÓN: Creating Resource(id=Natureadventure/derbyDataSourceNonJta)
abr 21, 2015 11:13:22 PM org.apache.tomee.jdbc.TomEEDataSourceCreator$TomEEDataSource readOnly
INFORMACIÓN: Disabling testOnBorrow since no validation query is provided
abr 21, 2015 11:13:22 PM org.apache.openejb.config.AutoConfig setJtaDataSource
INFORMACIÓN: Adjusting PersistenceUnit prueba <jta-data-source> to Resource ID 'Natureadventure/derbyDataSource' from 'null'
abr 21, 2015 11:13:22 PM org.apache.openejb.config.AutoConfig setNonJtaDataSource
INFORMACIÓN: Adjusting PersistenceUnit prueba <non-jta-data-source> to Resource ID 'Natureadventure/derbyDataSourceNonJta' from 'null'
abr 21, 2015 11:13:22 PM org.apache.openejb.config.AutoConfig deploy
INFORMACIÓN: Configuring PersistenceUnit(name=natureadventureJTA)
abr 21, 2015 11:13:22 PM org.apache.openejb.config.AutoConfig logAutoCreateResource
INFORMACIÓN: Auto-creating a Resource with id 'Natureadventure/mysqlDataSourceNonJta' of type 'DataSource for 'natureadventureJTA'.
abr 21, 2015 11:13:22 PM org.apache.openejb.config.AutoConfig deploy
INFORMACIÓN: Configuring Service(id=Natureadventure/mysqlDataSourceNonJta, type=Resource, provider-id=Natureadventure/mysqlDataSource)
abr 21, 2015 11:13:22 PM org.apache.openejb.assembler.classic.Assembler createRecipe
INFORMACIÓN: Creating Resource(id=Natureadventure/mysqlDataSourceNonJta)
abr 21, 2015 11:13:22 PM org.apache.tomee.jdbc.TomEEDataSourceCreator$TomEEDataSource readOnly
INFORMACIÓN: Disabling testOnBorrow since no validation query is provided
abr 21, 2015 11:13:22 PM org.apache.openejb.config.AutoConfig setJtaDataSource
INFORMACIÓN: Adjusting PersistenceUnit natureadventureJTA <jta-data-source> to Resource ID 'Natureadventure/mysqlDataSource' from 'mysqlDataSource'
abr 21, 2015 11:13:22 PM org.apache.openejb.config.AutoConfig setNonJtaDataSource
INFORMACIÓN: Adjusting PersistenceUnit natureadventureJTA <non-jta-data-source> to Resource ID 'Natureadventure/mysqlDataSourceNonJta' from 'null'
abr 21, 2015 11:13:22 PM org.apache.openejb.config.AutoConfig deploy
INFORMACIÓN: Configuring PersistenceUnit(name=personasJTADerby)
abr 21, 2015 11:13:22 PM org.apache.openejb.config.AutoConfig setJtaDataSource
INFORMACIÓN: Adjusting PersistenceUnit personasJTADerby <jta-data-source> to Resource ID 'Natureadventure/derbyDataSource' from 'derbyDataSource'
abr 21, 2015 11:13:22 PM org.apache.openejb.config.AutoConfig setNonJtaDataSource
INFORMACIÓN: Adjusting PersistenceUnit personasJTADerby <non-jta-data-source> to Resource ID 'Natureadventure/derbyDataSourceNonJta' from 'null'
abr 21, 2015 11:13:22 PM org.apache.openejb.config.AppInfoBuilder build
INFORMACIÓN: Enterprise application "/home/fer/Desktop/natureadventure_rep/Natureadventure/target/apache-tomee/webapps/Natureadventure" loaded.
abr 21, 2015 11:13:22 PM org.apache.openejb.assembler.classic.Assembler createApplication
INFORMACIÓN: Assembling app: /home/fer/Desktop/natureadventure_rep/Natureadventure/target/apache-tomee/webapps/Natureadventure
abr 21, 2015 11:13:23 PM org.apache.openejb.assembler.classic.ReloadableEntityManagerFactory createDelegate
INFORMACIÓN: PersistenceUnit(name=prueba, provider=org.eclipse.persistence.jpa.PersistenceProvider) - provider time 761ms
abr 21, 2015 11:13:23 PM org.apache.openejb.assembler.classic.ReloadableEntityManagerFactory createDelegate
INFORMACIÓN: PersistenceUnit(name=natureadventureJTA, provider=org.eclipse.persistence.jpa.PersistenceProvider) - provider time 41ms
abr 21, 2015 11:13:23 PM org.apache.openejb.assembler.classic.ReloadableEntityManagerFactory createDelegate
INFORMACIÓN: PersistenceUnit(name=personasJTADerby, provider=org.eclipse.persistence.jpa.PersistenceProvider) - provider time 19ms
abr 21, 2015 11:13:23 PM org.apache.openejb.assembler.classic.JndiBuilder bind
INFORMACIÓN: Jndi(name=LoginServiciosLocalBean) --> Ejb(deployment-id=LoginServicios)
abr 21, 2015 11:13:23 PM org.apache.openejb.assembler.classic.JndiBuilder bind
INFORMACIÓN: Jndi(name=global/Natureadventure/LoginServicios!controlador.LoginServicios) --> Ejb(deployment-id=LoginServicios)
abr 21, 2015 11:13:23 PM org.apache.openejb.assembler.classic.JndiBuilder bind
INFORMACIÓN: Jndi(name=global/Natureadventure/LoginServicios) --> Ejb(deployment-id=LoginServicios)
abr 21, 2015 11:13:23 PM org.apache.openejb.assembler.classic.JndiBuilder bind
INFORMACIÓN: Jndi(name=LoginJPALocalBean) --> Ejb(deployment-id=LoginJPA)
abr 21, 2015 11:13:23 PM org.apache.openejb.assembler.classic.JndiBuilder bind
INFORMACIÓN: Jndi(name=global/Natureadventure/LoginJPA!modelo.dao.LoginJPA) --> Ejb(deployment-id=LoginJPA)
abr 21, 2015 11:13:23 PM org.apache.openejb.assembler.classic.JndiBuilder bind
INFORMACIÓN: Jndi(name=global/Natureadventure/LoginJPA) --> Ejb(deployment-id=LoginJPA)
abr 21, 2015 11:13:23 PM org.apache.openejb.assembler.classic.JndiBuilder bind
INFORMACIÓN: Jndi(name=ActividadServiciosLocalBean) --> Ejb(deployment-id=ActividadServicios)
abr 21, 2015 11:13:23 PM org.apache.openejb.assembler.classic.JndiBuilder bind
INFORMACIÓN: Jndi(name=global/Natureadventure/ActividadServicios!controlador.ActividadServicios) --> Ejb(deployment-id=ActividadServicios)
abr 21, 2015 11:13:23 PM org.apache.openejb.assembler.classic.JndiBuilder bind
INFORMACIÓN: Jndi(name=global/Natureadventure/ActividadServicios) --> Ejb(deployment-id=ActividadServicios)
abr 21, 2015 11:13:23 PM org.apache.openejb.assembler.classic.JndiBuilder bind
INFORMACIÓN: Jndi(name=ActividadJPALocalBean) --> Ejb(deployment-id=ActividadJPA)
abr 21, 2015 11:13:23 PM org.apache.openejb.assembler.classic.JndiBuilder bind
INFORMACIÓN: Jndi(name=global/Natureadventure/ActividadJPA!modelo.dao.ActividadJPA) --> Ejb(deployment-id=ActividadJPA)
abr 21, 2015 11:13:23 PM org.apache.openejb.assembler.classic.JndiBuilder bind
INFORMACIÓN: Jndi(name=global/Natureadventure/ActividadJPA) --> Ejb(deployment-id=ActividadJPA)
abr 21, 2015 11:13:23 PM org.apache.openejb.cdi.CdiBuilder initSingleton
INFORMACIÓN: Existing thread singleton service in SystemInstance(): org.apache.openejb.cdi.ThreadSingletonServiceImpl@77921311
abr 21, 2015 11:13:23 PM org.apache.openejb.cdi.OpenEJBLifecycle startApplication
INFORMACIÓN: OpenWebBeans Container is starting...
abr 21, 2015 11:13:23 PM org.apache.webbeans.plugins.PluginLoader startUp
INFORMACIÓN: Adding OpenWebBeansPlugin : [CdiPlugin]
abr 21, 2015 11:13:23 PM org.apache.webbeans.plugins.PluginLoader startUp
INFORMACIÓN: Adding OpenWebBeansPlugin : [OpenWebBeansJsfPlugin]
abr 21, 2015 11:13:24 PM org.apache.webbeans.config.BeansDeployer validateInjectionPoints
INFORMACIÓN: All injection points were validated successfully.
abr 21, 2015 11:13:24 PM org.apache.openejb.cdi.OpenEJBLifecycle startApplication
INFORMACIÓN: OpenWebBeans Container has started, it took 220 ms.
abr 21, 2015 11:13:24 PM org.apache.openejb.assembler.classic.Assembler startEjbs
INFORMACIÓN: Created Ejb(deployment-id=ActividadServicios, ejb-name=ActividadServicios, container=Default Stateless Container)
abr 21, 2015 11:13:24 PM org.apache.openejb.assembler.classic.Assembler startEjbs
INFORMACIÓN: Created Ejb(deployment-id=ActividadJPA, ejb-name=ActividadJPA, container=Default Stateless Container)
abr 21, 2015 11:13:24 PM org.apache.openejb.assembler.classic.Assembler startEjbs
INFORMACIÓN: Created Ejb(deployment-id=LoginJPA, ejb-name=LoginJPA, container=Default Stateless Container)
abr 21, 2015 11:13:24 PM org.apache.openejb.assembler.classic.Assembler startEjbs
INFORMACIÓN: Created Ejb(deployment-id=LoginServicios, ejb-name=LoginServicios, container=Default Stateless Container)
abr 21, 2015 11:13:24 PM org.apache.openejb.assembler.classic.Assembler startEjbs
INFORMACIÓN: Started Ejb(deployment-id=ActividadServicios, ejb-name=ActividadServicios, container=Default Stateless Container)
abr 21, 2015 11:13:24 PM org.apache.openejb.assembler.classic.Assembler startEjbs
INFORMACIÓN: Started Ejb(deployment-id=ActividadJPA, ejb-name=ActividadJPA, container=Default Stateless Container)
abr 21, 2015 11:13:24 PM org.apache.openejb.assembler.classic.Assembler startEjbs
INFORMACIÓN: Started Ejb(deployment-id=LoginJPA, ejb-name=LoginJPA, container=Default Stateless Container)
abr 21, 2015 11:13:24 PM org.apache.openejb.assembler.classic.Assembler startEjbs
INFORMACIÓN: Started Ejb(deployment-id=LoginServicios, ejb-name=LoginServicios, container=Default Stateless Container)
abr 21, 2015 11:13:24 PM org.apache.openejb.assembler.classic.Assembler createApplication
INFORMACIÓN: Deployed Application(path=/home/fer/Desktop/natureadventure_rep/Natureadventure/target/apache-tomee/webapps/Natureadventure)
abr 21, 2015 11:13:25 PM org.apache.openejb.server.cxf.rs.CxfRsHttpListener configureFactory
INFORMACIÓN: Using providers:
abr 21, 2015 11:13:25 PM org.apache.openejb.server.cxf.rs.CxfRsHttpListener configureFactory
INFORMACIÓN:      org.apache.cxf.jaxrs.provider.JAXBElementProvider@23987721
abr 21, 2015 11:13:25 PM org.apache.openejb.server.cxf.rs.CxfRsHttpListener configureFactory
INFORMACIÓN:      org.apache.openejb.server.cxf.rs.EJBAccessExceptionMapper@6eb529c8
abr 21, 2015 11:13:25 PM org.apache.openejb.server.cxf.rs.CxfRsHttpListener logEndpoints
INFORMACIÓN: REST Application: http://localhost:8080/Natureadventure/                             -> org.apache.openejb.server.rest.InternalApplication
abr 21, 2015 11:13:25 PM org.apache.openejb.server.cxf.rs.CxfRsHttpListener logEndpoints
INFORMACIÓN:      Service URI: http://localhost:8080/Natureadventure/gerente/actividades          ->  EJB controlador.ActividadServicios
abr 21, 2015 11:13:25 PM org.apache.openejb.server.cxf.rs.CxfRsHttpListener logEndpoints
INFORMACIÓN:            DELETE http://localhost:8080/Natureadventure/gerente/actividades/{nombre} ->      Response borraEntrada(String)                       
abr 21, 2015 11:13:25 PM org.apache.openejb.server.cxf.rs.CxfRsHttpListener logEndpoints
INFORMACIÓN:               GET http://localhost:8080/Natureadventure/gerente/actividades/         ->      Response listaTodasActividades()                    
abr 21, 2015 11:13:25 PM org.apache.openejb.server.cxf.rs.CxfRsHttpListener logEndpoints
INFORMACIÓN:               GET http://localhost:8080/Natureadventure/gerente/actividades/{nombre} ->      Response buscarActividadPorNombre(String)           
abr 21, 2015 11:13:25 PM org.apache.openejb.server.cxf.rs.CxfRsHttpListener logEndpoints
INFORMACIÓN:              POST http://localhost:8080/Natureadventure/gerente/actividades/         ->      Response nuevaEntradaDesdeFormulario(String, String)
abr 21, 2015 11:13:25 PM org.apache.openejb.server.cxf.rs.CxfRsHttpListener logEndpoints
INFORMACIÓN:               PUT http://localhost:8080/Natureadventure/gerente/actividades/{nombre} ->      Response creaNuevaEntrada(String, Actividad)        
abr 21, 2015 11:13:25 PM org.apache.openejb.server.cxf.rs.CxfRsHttpListener logEndpoints
INFORMACIÓN:      Service URI: http://localhost:8080/Natureadventure/login                        ->  EJB controlador.LoginServicios    
abr 21, 2015 11:13:25 PM org.apache.openejb.server.cxf.rs.CxfRsHttpListener logEndpoints
INFORMACIÓN:               GET http://localhost:8080/Natureadventure/login/{username}/{password}  ->      Response comprobarLogin(String, String)
abr 21, 2015 11:13:25 PM org.apache.catalina.startup.HostConfig deployWAR
INFORMACIÓN: Deployment of web application archive /home/fer/Desktop/natureadventure_rep/Natureadventure/target/apache-tomee/webapps/Natureadventure.war has finished in 6.253 ms
abr 21, 2015 11:13:25 PM org.apache.coyote.AbstractProtocol start
INFORMACIÓN: Starting ProtocolHandler ["http-bio-8080"]
abr 21, 2015 11:13:25 PM org.apache.coyote.AbstractProtocol start
INFORMACIÓN: Starting ProtocolHandler ["ajp-bio-8009"]
abr 21, 2015 11:13:25 PM org.apache.catalina.startup.Catalina start
INFORMACIÓN: Server startup in 6413 ms
abr 21, 2015 11:13:51 PM org.apache.cxf.jaxrs.provider.AbstractJAXBProvider handleExceptionStart
ADVERTENCIA: javax.xml.bind.MarshalException
 - with linked exception:
[javax.xml.stream.XMLStreamException: ClientAbortException:  java.net.SocketException: Tubería rota]
	at com.sun.xml.bind.v2.runtime.MarshallerImpl.write(MarshallerImpl.java:330)
	at com.sun.xml.bind.v2.runtime.MarshallerImpl.marshal(MarshallerImpl.java:178)
	at org.apache.cxf.jaxrs.provider.json.JSONProvider.marshal(JSONProvider.java:486)
	at org.apache.cxf.jaxrs.provider.json.JSONProvider.marshalCollectionMember(JSONProvider.java:472)
	at org.apache.cxf.jaxrs.provider.json.JSONProvider.marshalCollection(JSONProvider.java:453)
	at org.apache.cxf.jaxrs.provider.json.JSONProvider.writeTo(JSONProvider.java:367)
	at org.apache.cxf.jaxrs.interceptor.JAXRSOutInterceptor.writeTo(JAXRSOutInterceptor.java:297)
	at org.apache.cxf.jaxrs.interceptor.JAXRSOutInterceptor.serializeMessage(JAXRSOutInterceptor.java:257)
	at org.apache.cxf.jaxrs.interceptor.JAXRSOutInterceptor.processResponse(JAXRSOutInterceptor.java:145)
	at org.apache.cxf.jaxrs.interceptor.JAXRSOutInterceptor.handleMessage(JAXRSOutInterceptor.java:83)
	at org.apache.cxf.phase.PhaseInterceptorChain.doIntercept(PhaseInterceptorChain.java:263)
	at org.apache.cxf.interceptor.OutgoingChainInterceptor.handleMessage(OutgoingChainInterceptor.java:81)
	at org.apache.cxf.phase.PhaseInterceptorChain.doIntercept(PhaseInterceptorChain.java:263)
	at org.apache.cxf.transport.ChainInitiationObserver.onMessage(ChainInitiationObserver.java:121)
	at org.apache.cxf.transport.http.AbstractHTTPDestination.invoke(AbstractHTTPDestination.java:240)
	at org.apache.openejb.server.cxf.rs.CxfRsHttpListener.onMessage(CxfRsHttpListener.java:187)
	at org.apache.openejb.server.rest.RsServlet.service(RsServlet.java:53)
	at javax.servlet.http.HttpServlet.service(HttpServlet.java:727)
	at org.apache.catalina.core.ApplicationFilterChain.internalDoFilter(ApplicationFilterChain.java:303)
	at org.apache.catalina.core.ApplicationFilterChain.doFilter(ApplicationFilterChain.java:208)
	at org.apache.tomcat.websocket.server.WsFilter.doFilter(WsFilter.java:52)
	at org.apache.catalina.core.ApplicationFilterChain.internalDoFilter(ApplicationFilterChain.java:241)
	at org.apache.catalina.core.ApplicationFilterChain.doFilter(ApplicationFilterChain.java:208)
	at org.apache.catalina.core.StandardWrapperValve.invoke(StandardWrapperValve.java:220)
	at org.apache.catalina.core.StandardContextValve.invoke(StandardContextValve.java:122)
	at org.apache.tomee.catalina.OpenEJBValve.invoke(OpenEJBValve.java:44)
	at org.apache.catalina.authenticator.AuthenticatorBase.invoke(AuthenticatorBase.java:501)
	at org.apache.catalina.core.StandardHostValve.invoke(StandardHostValve.java:171)
	at org.apache.catalina.valves.ErrorReportValve.invoke(ErrorReportValve.java:103)
	at org.apache.catalina.valves.AccessLogValve.invoke(AccessLogValve.java:950)
	at org.apache.catalina.core.StandardEngineValve.invoke(StandardEngineValve.java:116)
	at org.apache.catalina.connector.CoyoteAdapter.service(CoyoteAdapter.java:408)
	at org.apache.coyote.http11.AbstractHttp11Processor.process(AbstractHttp11Processor.java:1070)
	at org.apache.coyote.AbstractProtocol$AbstractConnectionHandler.process(AbstractProtocol.java:611)
	at org.apache.tomcat.util.net.JIoEndpoint$SocketProcessor.run(JIoEndpoint.java:316)
	at java.util.concurrent.ThreadPoolExecutor.runWorker(ThreadPoolExecutor.java:1145)
	at java.util.concurrent.ThreadPoolExecutor$Worker.run(ThreadPoolExecutor.java:615)
	at org.apache.tomcat.util.threads.TaskThread$WrappingRunnable.run(TaskThread.java:61)
	at java.lang.Thread.run(Thread.java:745)
Caused by: javax.xml.stream.XMLStreamException: ClientAbortException:  java.net.SocketException: Tubería rota
	at org.codehaus.jettison.mapped.MappedXMLStreamWriter.writeEndDocument(MappedXMLStreamWriter.java:262)
	at org.apache.cxf.staxutils.DelegatingXMLStreamWriter.writeEndDocument(DelegatingXMLStreamWriter.java:119)
	at com.sun.xml.bind.v2.runtime.output.XMLStreamWriterOutput.endDocument(XMLStreamWriterOutput.java:111)
	at com.sun.xml.bind.v2.runtime.XMLSerializer.endDocument(XMLSerializer.java:852)
	at com.sun.xml.bind.v2.runtime.MarshallerImpl.postwrite(MarshallerImpl.java:377)
	at com.sun.xml.bind.v2.runtime.MarshallerImpl.write(MarshallerImpl.java:324)
	... 38 more
Caused by: ClientAbortException:  java.net.SocketException: Tubería rota
	at org.apache.catalina.connector.OutputBuffer.doFlush(OutputBuffer.java:367)
	at org.apache.catalina.connector.OutputBuffer.flush(OutputBuffer.java:331)
	at org.apache.catalina.connector.CoyoteOutputStream.flush(CoyoteOutputStream.java:101)
	at org.apache.cxf.io.AbstractWrappedOutputStream.flush(AbstractWrappedOutputStream.java:84)
	at sun.nio.cs.StreamEncoder.implFlush(StreamEncoder.java:297)
	at sun.nio.cs.StreamEncoder.flush(StreamEncoder.java:141)
	at java.io.OutputStreamWriter.flush(OutputStreamWriter.java:229)
	at org.codehaus.jettison.mapped.MappedXMLStreamWriter.writeEndDocument(MappedXMLStreamWriter.java:260)
	... 43 more
Caused by: java.net.SocketException: Tubería rota
	at java.net.SocketOutputStream.socketWrite0(Native Method)
	at java.net.SocketOutputStream.socketWrite(SocketOutputStream.java:113)
	at java.net.SocketOutputStream.write(SocketOutputStream.java:159)
	at org.apache.coyote.http11.InternalOutputBuffer.realWriteBytes(InternalOutputBuffer.java:215)
	at org.apache.tomcat.util.buf.ByteChunk.flushBuffer(ByteChunk.java:480)
	at org.apache.coyote.http11.InternalOutputBuffer.flush(InternalOutputBuffer.java:119)
	at org.apache.coyote.http11.AbstractHttp11Processor.action(AbstractHttp11Processor.java:800)
	at org.apache.coyote.Response.action(Response.java:172)
	at org.apache.catalina.connector.OutputBuffer.doFlush(OutputBuffer.java:363)
	... 50 more

abr 21, 2015 11:13:51 PM org.apache.cxf.jaxrs.provider.AbstractJAXBProvider handleExceptionStart
ADVERTENCIA: javax.xml.bind.MarshalException
 - with linked exception:
[javax.xml.stream.XMLStreamException: ClientAbortException:  java.net.SocketException: Tubería rota]
	at com.sun.xml.bind.v2.runtime.MarshallerImpl.write(MarshallerImpl.java:330)
	at com.sun.xml.bind.v2.runtime.MarshallerImpl.marshal(MarshallerImpl.java:178)
	at org.apache.cxf.jaxrs.provider.json.JSONProvider.marshal(JSONProvider.java:486)
	at org.apache.cxf.jaxrs.provider.json.JSONProvider.marshalCollectionMember(JSONProvider.java:472)
	at org.apache.cxf.jaxrs.provider.json.JSONProvider.marshalCollection(JSONProvider.java:453)
	at org.apache.cxf.jaxrs.provider.json.JSONProvider.writeTo(JSONProvider.java:367)
	at org.apache.cxf.jaxrs.interceptor.JAXRSOutInterceptor.writeTo(JAXRSOutInterceptor.java:297)
	at org.apache.cxf.jaxrs.interceptor.JAXRSOutInterceptor.serializeMessage(JAXRSOutInterceptor.java:257)
	at org.apache.cxf.jaxrs.interceptor.JAXRSOutInterceptor.processResponse(JAXRSOutInterceptor.java:145)
	at org.apache.cxf.jaxrs.interceptor.JAXRSOutInterceptor.handleMessage(JAXRSOutInterceptor.java:83)
	at org.apache.cxf.phase.PhaseInterceptorChain.doIntercept(PhaseInterceptorChain.java:263)
	at org.apache.cxf.interceptor.OutgoingChainInterceptor.handleMessage(OutgoingChainInterceptor.java:81)
	at org.apache.cxf.phase.PhaseInterceptorChain.doIntercept(PhaseInterceptorChain.java:263)
	at org.apache.cxf.transport.ChainInitiationObserver.onMessage(ChainInitiationObserver.java:121)
	at org.apache.cxf.transport.http.AbstractHTTPDestination.invoke(AbstractHTTPDestination.java:240)
	at org.apache.openejb.server.cxf.rs.CxfRsHttpListener.onMessage(CxfRsHttpListener.java:187)
	at org.apache.openejb.server.rest.RsServlet.service(RsServlet.java:53)
	at javax.servlet.http.HttpServlet.service(HttpServlet.java:727)
	at org.apache.catalina.core.ApplicationFilterChain.internalDoFilter(ApplicationFilterChain.java:303)
	at org.apache.catalina.core.ApplicationFilterChain.doFilter(ApplicationFilterChain.java:208)
	at org.apache.tomcat.websocket.server.WsFilter.doFilter(WsFilter.java:52)
	at org.apache.catalina.core.ApplicationFilterChain.internalDoFilter(ApplicationFilterChain.java:241)
	at org.apache.catalina.core.ApplicationFilterChain.doFilter(ApplicationFilterChain.java:208)
	at org.apache.catalina.core.StandardWrapperValve.invoke(StandardWrapperValve.java:220)
	at org.apache.catalina.core.StandardContextValve.invoke(StandardContextValve.java:122)
	at org.apache.tomee.catalina.OpenEJBValve.invoke(OpenEJBValve.java:44)
	at org.apache.catalina.authenticator.AuthenticatorBase.invoke(AuthenticatorBase.java:501)
	at org.apache.catalina.core.StandardHostValve.invoke(StandardHostValve.java:171)
	at org.apache.catalina.valves.ErrorReportValve.invoke(ErrorReportValve.java:103)
	at org.apache.catalina.valves.AccessLogValve.invoke(AccessLogValve.java:950)
	at org.apache.catalina.core.StandardEngineValve.invoke(StandardEngineValve.java:116)
	at org.apache.catalina.connector.CoyoteAdapter.service(CoyoteAdapter.java:408)
	at org.apache.coyote.http11.AbstractHttp11Processor.process(AbstractHttp11Processor.java:1070)
	at org.apache.coyote.AbstractProtocol$AbstractConnectionHandler.process(AbstractProtocol.java:611)
	at org.apache.tomcat.util.net.JIoEndpoint$SocketProcessor.run(JIoEndpoint.java:316)
	at java.util.concurrent.ThreadPoolExecutor.runWorker(ThreadPoolExecutor.java:1145)
	at java.util.concurrent.ThreadPoolExecutor$Worker.run(ThreadPoolExecutor.java:615)
	at org.apache.tomcat.util.threads.TaskThread$WrappingRunnable.run(TaskThread.java:61)
	at java.lang.Thread.run(Thread.java:745)
Caused by: javax.xml.stream.XMLStreamException: ClientAbortException:  java.net.SocketException: Tubería rota
	at org.codehaus.jettison.mapped.MappedXMLStreamWriter.writeEndDocument(MappedXMLStreamWriter.java:262)
	at org.apache.cxf.staxutils.DelegatingXMLStreamWriter.writeEndDocument(DelegatingXMLStreamWriter.java:119)
	at com.sun.xml.bind.v2.runtime.output.XMLStreamWriterOutput.endDocument(XMLStreamWriterOutput.java:111)
	at com.sun.xml.bind.v2.runtime.XMLSerializer.endDocument(XMLSerializer.java:852)
	at com.sun.xml.bind.v2.runtime.MarshallerImpl.postwrite(MarshallerImpl.java:377)
	at com.sun.xml.bind.v2.runtime.MarshallerImpl.write(MarshallerImpl.java:324)
	... 38 more
Caused by: ClientAbortException:  java.net.SocketException: Tubería rota
	at org.apache.catalina.connector.OutputBuffer.doFlush(OutputBuffer.java:367)
	at org.apache.catalina.connector.OutputBuffer.flush(OutputBuffer.java:331)
	at org.apache.catalina.connector.CoyoteOutputStream.flush(CoyoteOutputStream.java:101)
	at org.apache.cxf.io.AbstractWrappedOutputStream.flush(AbstractWrappedOutputStream.java:84)
	at sun.nio.cs.StreamEncoder.implFlush(StreamEncoder.java:297)
	at sun.nio.cs.StreamEncoder.flush(StreamEncoder.java:141)
	at java.io.OutputStreamWriter.flush(OutputStreamWriter.java:229)
	at org.codehaus.jettison.mapped.MappedXMLStreamWriter.writeEndDocument(MappedXMLStreamWriter.java:260)
	... 43 more
Caused by: java.net.SocketException: Tubería rota
	at java.net.SocketOutputStream.socketWrite0(Native Method)
	at java.net.SocketOutputStream.socketWrite(SocketOutputStream.java:113)
	at java.net.SocketOutputStream.write(SocketOutputStream.java:159)
	at org.apache.coyote.http11.InternalOutputBuffer.realWriteBytes(InternalOutputBuffer.java:215)
	at org.apache.tomcat.util.buf.ByteChunk.flushBuffer(ByteChunk.java:480)
	at org.apache.coyote.http11.InternalOutputBuffer.flush(InternalOutputBuffer.java:119)
	at org.apache.coyote.http11.AbstractHttp11Processor.action(AbstractHttp11Processor.java:800)
	at org.apache.coyote.Response.action(Response.java:172)
	at org.apache.catalina.connector.OutputBuffer.doFlush(OutputBuffer.java:363)
	... 50 more

abr 21, 2015 11:13:51 PM org.apache.cxf.jaxrs.impl.WebApplicationExceptionMapper toResponse
ADVERTENCIA: javax.ws.rs.WebApplicationException: javax.xml.stream.XMLStreamException: ClientAbortException:  java.net.SocketException: Tubería rota
	at org.apache.cxf.jaxrs.provider.AbstractJAXBProvider.handleExceptionEnd(AbstractJAXBProvider.java:676)
	at org.apache.cxf.jaxrs.provider.AbstractJAXBProvider.handleJAXBException(AbstractJAXBProvider.java:688)
	at org.apache.cxf.jaxrs.provider.json.JSONProvider.writeTo(JSONProvider.java:380)
	at org.apache.cxf.jaxrs.interceptor.JAXRSOutInterceptor.writeTo(JAXRSOutInterceptor.java:297)
	at org.apache.cxf.jaxrs.interceptor.JAXRSOutInterceptor.serializeMessage(JAXRSOutInterceptor.java:257)
	at org.apache.cxf.jaxrs.interceptor.JAXRSOutInterceptor.processResponse(JAXRSOutInterceptor.java:145)
	at org.apache.cxf.jaxrs.interceptor.JAXRSOutInterceptor.handleMessage(JAXRSOutInterceptor.java:83)
	at org.apache.cxf.phase.PhaseInterceptorChain.doIntercept(PhaseInterceptorChain.java:263)
	at org.apache.cxf.interceptor.OutgoingChainInterceptor.handleMessage(OutgoingChainInterceptor.java:81)
	at org.apache.cxf.phase.PhaseInterceptorChain.doIntercept(PhaseInterceptorChain.java:263)
	at org.apache.cxf.transport.ChainInitiationObserver.onMessage(ChainInitiationObserver.java:121)
	at org.apache.cxf.transport.http.AbstractHTTPDestination.invoke(AbstractHTTPDestination.java:240)
	at org.apache.openejb.server.cxf.rs.CxfRsHttpListener.onMessage(CxfRsHttpListener.java:187)
	at org.apache.openejb.server.rest.RsServlet.service(RsServlet.java:53)
	at javax.servlet.http.HttpServlet.service(HttpServlet.java:727)
	at org.apache.catalina.core.ApplicationFilterChain.internalDoFilter(ApplicationFilterChain.java:303)
	at org.apache.catalina.core.ApplicationFilterChain.doFilter(ApplicationFilterChain.java:208)
	at org.apache.tomcat.websocket.server.WsFilter.doFilter(WsFilter.java:52)
	at org.apache.catalina.core.ApplicationFilterChain.internalDoFilter(ApplicationFilterChain.java:241)
	at org.apache.catalina.core.ApplicationFilterChain.doFilter(ApplicationFilterChain.java:208)
	at org.apache.catalina.core.StandardWrapperValve.invoke(StandardWrapperValve.java:220)
	at org.apache.catalina.core.StandardContextValve.invoke(StandardContextValve.java:122)
	at org.apache.tomee.catalina.OpenEJBValve.invoke(OpenEJBValve.java:44)
	at org.apache.catalina.authenticator.AuthenticatorBase.invoke(AuthenticatorBase.java:501)
	at org.apache.catalina.core.StandardHostValve.invoke(StandardHostValve.java:171)
	at org.apache.catalina.valves.ErrorReportValve.invoke(ErrorReportValve.java:103)
	at org.apache.catalina.valves.AccessLogValve.invoke(AccessLogValve.java:950)
	at org.apache.catalina.core.StandardEngineValve.invoke(StandardEngineValve.java:116)
	at org.apache.catalina.connector.CoyoteAdapter.service(CoyoteAdapter.java:408)
	at org.apache.coyote.http11.AbstractHttp11Processor.process(AbstractHttp11Processor.java:1070)
	at org.apache.coyote.AbstractProtocol$AbstractConnectionHandler.process(AbstractProtocol.java:611)
	at org.apache.tomcat.util.net.JIoEndpoint$SocketProcessor.run(JIoEndpoint.java:316)
	at java.util.concurrent.ThreadPoolExecutor.runWorker(ThreadPoolExecutor.java:1145)
	at java.util.concurrent.ThreadPoolExecutor$Worker.run(ThreadPoolExecutor.java:615)
	at org.apache.tomcat.util.threads.TaskThread$WrappingRunnable.run(TaskThread.java:61)
	at java.lang.Thread.run(Thread.java:745)
Caused by: javax.xml.stream.XMLStreamException: ClientAbortException:  java.net.SocketException: Tubería rota
	at org.codehaus.jettison.mapped.MappedXMLStreamWriter.writeEndDocument(MappedXMLStreamWriter.java:262)
	at org.apache.cxf.staxutils.DelegatingXMLStreamWriter.writeEndDocument(DelegatingXMLStreamWriter.java:119)
	at com.sun.xml.bind.v2.runtime.output.XMLStreamWriterOutput.endDocument(XMLStreamWriterOutput.java:111)
	at com.sun.xml.bind.v2.runtime.XMLSerializer.endDocument(XMLSerializer.java:852)
	at com.sun.xml.bind.v2.runtime.MarshallerImpl.postwrite(MarshallerImpl.java:377)
	at com.sun.xml.bind.v2.runtime.MarshallerImpl.write(MarshallerImpl.java:324)
	at com.sun.xml.bind.v2.runtime.MarshallerImpl.marshal(MarshallerImpl.java:178)
	at org.apache.cxf.jaxrs.provider.json.JSONProvider.marshal(JSONProvider.java:486)
	at org.apache.cxf.jaxrs.provider.json.JSONProvider.marshalCollectionMember(JSONProvider.java:472)
	at org.apache.cxf.jaxrs.provider.json.JSONProvider.marshalCollection(JSONProvider.java:453)
	at org.apache.cxf.jaxrs.provider.json.JSONProvider.writeTo(JSONProvider.java:367)
	... 33 more
Caused by: ClientAbortException:  java.net.SocketException: Tubería rota
	at org.apache.catalina.connector.OutputBuffer.doFlush(OutputBuffer.java:367)
	at org.apache.catalina.connector.OutputBuffer.flush(OutputBuffer.java:331)
	at org.apache.catalina.connector.CoyoteOutputStream.flush(CoyoteOutputStream.java:101)
	at org.apache.cxf.io.AbstractWrappedOutputStream.flush(AbstractWrappedOutputStream.java:84)
	at sun.nio.cs.StreamEncoder.implFlush(StreamEncoder.java:297)
	at sun.nio.cs.StreamEncoder.flush(StreamEncoder.java:141)
	at java.io.OutputStreamWriter.flush(OutputStreamWriter.java:229)
	at org.codehaus.jettison.mapped.MappedXMLStreamWriter.writeEndDocument(MappedXMLStreamWriter.java:260)
	... 43 more
Caused by: java.net.SocketException: Tubería rota
	at java.net.SocketOutputStream.socketWrite0(Native Method)
	at java.net.SocketOutputStream.socketWrite(SocketOutputStream.java:113)
	at java.net.SocketOutputStream.write(SocketOutputStream.java:159)
	at org.apache.coyote.http11.InternalOutputBuffer.realWriteBytes(InternalOutputBuffer.java:215)
	at org.apache.tomcat.util.buf.ByteChunk.flushBuffer(ByteChunk.java:480)
	at org.apache.coyote.http11.InternalOutputBuffer.flush(InternalOutputBuffer.java:119)
	at org.apache.coyote.http11.AbstractHttp11Processor.action(AbstractHttp11Processor.java:800)
	at org.apache.coyote.Response.action(Response.java:172)
	at org.apache.catalina.connector.OutputBuffer.doFlush(OutputBuffer.java:363)
	... 50 more

abr 21, 2015 11:13:51 PM org.apache.cxf.jaxrs.impl.WebApplicationExceptionMapper toResponse
ADVERTENCIA: javax.ws.rs.WebApplicationException: javax.xml.stream.XMLStreamException: ClientAbortException:  java.net.SocketException: Tubería rota
	at org.apache.cxf.jaxrs.provider.AbstractJAXBProvider.handleExceptionEnd(AbstractJAXBProvider.java:676)
	at org.apache.cxf.jaxrs.provider.AbstractJAXBProvider.handleJAXBException(AbstractJAXBProvider.java:688)
	at org.apache.cxf.jaxrs.provider.json.JSONProvider.writeTo(JSONProvider.java:380)
	at org.apache.cxf.jaxrs.interceptor.JAXRSOutInterceptor.writeTo(JAXRSOutInterceptor.java:297)
	at org.apache.cxf.jaxrs.interceptor.JAXRSOutInterceptor.serializeMessage(JAXRSOutInterceptor.java:257)
	at org.apache.cxf.jaxrs.interceptor.JAXRSOutInterceptor.processResponse(JAXRSOutInterceptor.java:145)
	at org.apache.cxf.jaxrs.interceptor.JAXRSOutInterceptor.handleMessage(JAXRSOutInterceptor.java:83)
	at org.apache.cxf.phase.PhaseInterceptorChain.doIntercept(PhaseInterceptorChain.java:263)
	at org.apache.cxf.interceptor.OutgoingChainInterceptor.handleMessage(OutgoingChainInterceptor.java:81)
	at org.apache.cxf.phase.PhaseInterceptorChain.doIntercept(PhaseInterceptorChain.java:263)
	at org.apache.cxf.transport.ChainInitiationObserver.onMessage(ChainInitiationObserver.java:121)
	at org.apache.cxf.transport.http.AbstractHTTPDestination.invoke(AbstractHTTPDestination.java:240)
	at org.apache.openejb.server.cxf.rs.CxfRsHttpListener.onMessage(CxfRsHttpListener.java:187)
	at org.apache.openejb.server.rest.RsServlet.service(RsServlet.java:53)
	at javax.servlet.http.HttpServlet.service(HttpServlet.java:727)
	at org.apache.catalina.core.ApplicationFilterChain.internalDoFilter(ApplicationFilterChain.java:303)
	at org.apache.catalina.core.ApplicationFilterChain.doFilter(ApplicationFilterChain.java:208)
	at org.apache.tomcat.websocket.server.WsFilter.doFilter(WsFilter.java:52)
	at org.apache.catalina.core.ApplicationFilterChain.internalDoFilter(ApplicationFilterChain.java:241)
	at org.apache.catalina.core.ApplicationFilterChain.doFilter(ApplicationFilterChain.java:208)
	at org.apache.catalina.core.StandardWrapperValve.invoke(StandardWrapperValve.java:220)
	at org.apache.catalina.core.StandardContextValve.invoke(StandardContextValve.java:122)
	at org.apache.tomee.catalina.OpenEJBValve.invoke(OpenEJBValve.java:44)
	at org.apache.catalina.authenticator.AuthenticatorBase.invoke(AuthenticatorBase.java:501)
	at org.apache.catalina.core.StandardHostValve.invoke(StandardHostValve.java:171)
	at org.apache.catalina.valves.ErrorReportValve.invoke(ErrorReportValve.java:103)
	at org.apache.catalina.valves.AccessLogValve.invoke(AccessLogValve.java:950)
	at org.apache.catalina.core.StandardEngineValve.invoke(StandardEngineValve.java:116)
	at org.apache.catalina.connector.CoyoteAdapter.service(CoyoteAdapter.java:408)
	at org.apache.coyote.http11.AbstractHttp11Processor.process(AbstractHttp11Processor.java:1070)
	at org.apache.coyote.AbstractProtocol$AbstractConnectionHandler.process(AbstractProtocol.java:611)
	at org.apache.tomcat.util.net.JIoEndpoint$SocketProcessor.run(JIoEndpoint.java:316)
	at java.util.concurrent.ThreadPoolExecutor.runWorker(ThreadPoolExecutor.java:1145)
	at java.util.concurrent.ThreadPoolExecutor$Worker.run(ThreadPoolExecutor.java:615)
	at org.apache.tomcat.util.threads.TaskThread$WrappingRunnable.run(TaskThread.java:61)
	at java.lang.Thread.run(Thread.java:745)
Caused by: javax.xml.stream.XMLStreamException: ClientAbortException:  java.net.SocketException: Tubería rota
	at org.codehaus.jettison.mapped.MappedXMLStreamWriter.writeEndDocument(MappedXMLStreamWriter.java:262)
	at org.apache.cxf.staxutils.DelegatingXMLStreamWriter.writeEndDocument(DelegatingXMLStreamWriter.java:119)
	at com.sun.xml.bind.v2.runtime.output.XMLStreamWriterOutput.endDocument(XMLStreamWriterOutput.java:111)
	at com.sun.xml.bind.v2.runtime.XMLSerializer.endDocument(XMLSerializer.java:852)
	at com.sun.xml.bind.v2.runtime.MarshallerImpl.postwrite(MarshallerImpl.java:377)
	at com.sun.xml.bind.v2.runtime.MarshallerImpl.write(MarshallerImpl.java:324)
	at com.sun.xml.bind.v2.runtime.MarshallerImpl.marshal(MarshallerImpl.java:178)
	at org.apache.cxf.jaxrs.provider.json.JSONProvider.marshal(JSONProvider.java:486)
	at org.apache.cxf.jaxrs.provider.json.JSONProvider.marshalCollectionMember(JSONProvider.java:472)
	at org.apache.cxf.jaxrs.provider.json.JSONProvider.marshalCollection(JSONProvider.java:453)
	at org.apache.cxf.jaxrs.provider.json.JSONProvider.writeTo(JSONProvider.java:367)
	... 33 more
Caused by: ClientAbortException:  java.net.SocketException: Tubería rota
	at org.apache.catalina.connector.OutputBuffer.doFlush(OutputBuffer.java:367)
	at org.apache.catalina.connector.OutputBuffer.flush(OutputBuffer.java:331)
	at org.apache.catalina.connector.CoyoteOutputStream.flush(CoyoteOutputStream.java:101)
	at org.apache.cxf.io.AbstractWrappedOutputStream.flush(AbstractWrappedOutputStream.java:84)
	at sun.nio.cs.StreamEncoder.implFlush(StreamEncoder.java:297)
	at sun.nio.cs.StreamEncoder.flush(StreamEncoder.java:141)
	at java.io.OutputStreamWriter.flush(OutputStreamWriter.java:229)
	at org.codehaus.jettison.mapped.MappedXMLStreamWriter.writeEndDocument(MappedXMLStreamWriter.java:260)
	... 43 more
Caused by: java.net.SocketException: Tubería rota
	at java.net.SocketOutputStream.socketWrite0(Native Method)
	at java.net.SocketOutputStream.socketWrite(SocketOutputStream.java:113)
	at java.net.SocketOutputStream.write(SocketOutputStream.java:159)
	at org.apache.coyote.http11.InternalOutputBuffer.realWriteBytes(InternalOutputBuffer.java:215)
	at org.apache.tomcat.util.buf.ByteChunk.flushBuffer(ByteChunk.java:480)
	at org.apache.coyote.http11.InternalOutputBuffer.flush(InternalOutputBuffer.java:119)
	at org.apache.coyote.http11.AbstractHttp11Processor.action(AbstractHttp11Processor.java:800)
	at org.apache.coyote.Response.action(Response.java:172)
	at org.apache.catalina.connector.OutputBuffer.doFlush(OutputBuffer.java:363)
	... 50 more

abr 21, 2015 11:13:51 PM org.apache.cxf.phase.PhaseInterceptorChain doDefaultLogging
ADVERTENCIA: Interceptor for {http://controlador/}ActividadServicios has thrown exception, unwinding now
org.apache.cxf.interceptor.Fault: Could not send Message.
	at org.apache.cxf.interceptor.MessageSenderInterceptor$MessageSenderEndingInterceptor.handleMessage(MessageSenderInterceptor.java:64)
	at org.apache.cxf.phase.PhaseInterceptorChain.doIntercept(PhaseInterceptorChain.java:263)
	at org.apache.cxf.interceptor.OutgoingChainInterceptor.handleMessage(OutgoingChainInterceptor.java:81)
	at org.apache.cxf.phase.PhaseInterceptorChain.doIntercept(PhaseInterceptorChain.java:263)
	at org.apache.cxf.transport.ChainInitiationObserver.onMessage(ChainInitiationObserver.java:121)
	at org.apache.cxf.transport.http.AbstractHTTPDestination.invoke(AbstractHTTPDestination.java:240)
	at org.apache.openejb.server.cxf.rs.CxfRsHttpListener.onMessage(CxfRsHttpListener.java:187)
	at org.apache.openejb.server.rest.RsServlet.service(RsServlet.java:53)
	at javax.servlet.http.HttpServlet.service(HttpServlet.java:727)
	at org.apache.catalina.core.ApplicationFilterChain.internalDoFilter(ApplicationFilterChain.java:303)
	at org.apache.catalina.core.ApplicationFilterChain.doFilter(ApplicationFilterChain.java:208)
	at org.apache.tomcat.websocket.server.WsFilter.doFilter(WsFilter.java:52)
	at org.apache.catalina.core.ApplicationFilterChain.internalDoFilter(ApplicationFilterChain.java:241)
	at org.apache.catalina.core.ApplicationFilterChain.doFilter(ApplicationFilterChain.java:208)
	at org.apache.catalina.core.StandardWrapperValve.invoke(StandardWrapperValve.java:220)
	at org.apache.catalina.core.StandardContextValve.invoke(StandardContextValve.java:122)
	at org.apache.tomee.catalina.OpenEJBValve.invoke(OpenEJBValve.java:44)
	at org.apache.catalina.authenticator.AuthenticatorBase.invoke(AuthenticatorBase.java:501)
	at org.apache.catalina.core.StandardHostValve.invoke(StandardHostValve.java:171)
	at org.apache.catalina.valves.ErrorReportValve.invoke(ErrorReportValve.java:103)
	at org.apache.catalina.valves.AccessLogValve.invoke(AccessLogValve.java:950)
	at org.apache.catalina.core.StandardEngineValve.invoke(StandardEngineValve.java:116)
	at org.apache.catalina.connector.CoyoteAdapter.service(CoyoteAdapter.java:408)
	at org.apache.coyote.http11.AbstractHttp11Processor.process(AbstractHttp11Processor.java:1070)
	at org.apache.coyote.AbstractProtocol$AbstractConnectionHandler.process(AbstractProtocol.java:611)
	at org.apache.tomcat.util.net.JIoEndpoint$SocketProcessor.run(JIoEndpoint.java:316)
	at java.util.concurrent.ThreadPoolExecutor.runWorker(ThreadPoolExecutor.java:1145)
	at java.util.concurrent.ThreadPoolExecutor$Worker.run(ThreadPoolExecutor.java:615)
	at org.apache.tomcat.util.threads.TaskThread$WrappingRunnable.run(TaskThread.java:61)
	at java.lang.Thread.run(Thread.java:745)
Caused by: ClientAbortException:  java.net.SocketException: Tubería rota
	at org.apache.catalina.connector.OutputBuffer.doFlush(OutputBuffer.java:367)
	at org.apache.catalina.connector.OutputBuffer.flush(OutputBuffer.java:331)
	at org.apache.catalina.connector.Response.flushBuffer(Response.java:580)
	at org.apache.catalina.connector.ResponseFacade.flushBuffer(ResponseFacade.java:306)
	at org.apache.openejb.server.httpd.ServletResponseAdapter.flushBuffer(ServletResponseAdapter.java:205)
	at org.apache.cxf.transport.http.AbstractHTTPDestination$WrappedOutputStream.close(AbstractHTTPDestination.java:735)
	at org.apache.cxf.transport.AbstractConduit.close(AbstractConduit.java:56)
	at org.apache.cxf.transport.http.AbstractHTTPDestination$BackChannelConduit.close(AbstractHTTPDestination.java:677)
	at org.apache.cxf.interceptor.MessageSenderInterceptor$MessageSenderEndingInterceptor.handleMessage(MessageSenderInterceptor.java:62)
	... 29 more
Caused by: java.net.SocketException: Tubería rota
	at java.net.SocketOutputStream.socketWrite0(Native Method)
	at java.net.SocketOutputStream.socketWrite(SocketOutputStream.java:113)
	at java.net.SocketOutputStream.write(SocketOutputStream.java:159)
	at org.apache.coyote.http11.InternalOutputBuffer.realWriteBytes(InternalOutputBuffer.java:215)
	at org.apache.tomcat.util.buf.ByteChunk.flushBuffer(ByteChunk.java:480)
	at org.apache.coyote.http11.InternalOutputBuffer.flush(InternalOutputBuffer.java:119)
	at org.apache.coyote.http11.AbstractHttp11Processor.action(AbstractHttp11Processor.java:800)
	at org.apache.coyote.Response.action(Response.java:172)
	at org.apache.catalina.connector.OutputBuffer.doFlush(OutputBuffer.java:363)
	... 37 more

abr 21, 2015 11:13:51 PM org.apache.cxf.phase.PhaseInterceptorChain doDefaultLogging
ADVERTENCIA: Interceptor for {http://controlador/}ActividadServicios has thrown exception, unwinding now
org.apache.cxf.interceptor.Fault: Could not send Message.
	at org.apache.cxf.interceptor.MessageSenderInterceptor$MessageSenderEndingInterceptor.handleMessage(MessageSenderInterceptor.java:64)
	at org.apache.cxf.phase.PhaseInterceptorChain.doIntercept(PhaseInterceptorChain.java:263)
	at org.apache.cxf.interceptor.OutgoingChainInterceptor.handleMessage(OutgoingChainInterceptor.java:81)
	at org.apache.cxf.phase.PhaseInterceptorChain.doIntercept(PhaseInterceptorChain.java:263)
	at org.apache.cxf.transport.ChainInitiationObserver.onMessage(ChainInitiationObserver.java:121)
	at org.apache.cxf.transport.http.AbstractHTTPDestination.invoke(AbstractHTTPDestination.java:240)
	at org.apache.openejb.server.cxf.rs.CxfRsHttpListener.onMessage(CxfRsHttpListener.java:187)
	at org.apache.openejb.server.rest.RsServlet.service(RsServlet.java:53)
	at javax.servlet.http.HttpServlet.service(HttpServlet.java:727)
	at org.apache.catalina.core.ApplicationFilterChain.internalDoFilter(ApplicationFilterChain.java:303)
	at org.apache.catalina.core.ApplicationFilterChain.doFilter(ApplicationFilterChain.java:208)
	at org.apache.tomcat.websocket.server.WsFilter.doFilter(WsFilter.java:52)
	at org.apache.catalina.core.ApplicationFilterChain.internalDoFilter(ApplicationFilterChain.java:241)
	at org.apache.catalina.core.ApplicationFilterChain.doFilter(ApplicationFilterChain.java:208)
	at org.apache.catalina.core.StandardWrapperValve.invoke(StandardWrapperValve.java:220)
	at org.apache.catalina.core.StandardContextValve.invoke(StandardContextValve.java:122)
	at org.apache.tomee.catalina.OpenEJBValve.invoke(OpenEJBValve.java:44)
	at org.apache.catalina.authenticator.AuthenticatorBase.invoke(AuthenticatorBase.java:501)
	at org.apache.catalina.core.StandardHostValve.invoke(StandardHostValve.java:171)
	at org.apache.catalina.valves.ErrorReportValve.invoke(ErrorReportValve.java:103)
	at org.apache.catalina.valves.AccessLogValve.invoke(AccessLogValve.java:950)
	at org.apache.catalina.core.StandardEngineValve.invoke(StandardEngineValve.java:116)
	at org.apache.catalina.connector.CoyoteAdapter.service(CoyoteAdapter.java:408)
	at org.apache.coyote.http11.AbstractHttp11Processor.process(AbstractHttp11Processor.java:1070)
	at org.apache.coyote.AbstractProtocol$AbstractConnectionHandler.process(AbstractProtocol.java:611)
	at org.apache.tomcat.util.net.JIoEndpoint$SocketProcessor.run(JIoEndpoint.java:316)
	at java.util.concurrent.ThreadPoolExecutor.runWorker(ThreadPoolExecutor.java:1145)
	at java.util.concurrent.ThreadPoolExecutor$Worker.run(ThreadPoolExecutor.java:615)
	at org.apache.tomcat.util.threads.TaskThread$WrappingRunnable.run(TaskThread.java:61)
	at java.lang.Thread.run(Thread.java:745)
Caused by: ClientAbortException:  java.net.SocketException: Tubería rota
	at org.apache.catalina.connector.OutputBuffer.doFlush(OutputBuffer.java:367)
	at org.apache.catalina.connector.OutputBuffer.flush(OutputBuffer.java:331)
	at org.apache.catalina.connector.Response.flushBuffer(Response.java:580)
	at org.apache.catalina.connector.ResponseFacade.flushBuffer(ResponseFacade.java:306)
	at org.apache.openejb.server.httpd.ServletResponseAdapter.flushBuffer(ServletResponseAdapter.java:205)
	at org.apache.cxf.transport.http.AbstractHTTPDestination$WrappedOutputStream.close(AbstractHTTPDestination.java:735)
	at org.apache.cxf.transport.AbstractConduit.close(AbstractConduit.java:56)
	at org.apache.cxf.transport.http.AbstractHTTPDestination$BackChannelConduit.close(AbstractHTTPDestination.java:677)
	at org.apache.cxf.interceptor.MessageSenderInterceptor$MessageSenderEndingInterceptor.handleMessage(MessageSenderInterceptor.java:62)
	... 29 more
Caused by: java.net.SocketException: Tubería rota
	at java.net.SocketOutputStream.socketWrite0(Native Method)
	at java.net.SocketOutputStream.socketWrite(SocketOutputStream.java:113)
	at java.net.SocketOutputStream.write(SocketOutputStream.java:159)
	at org.apache.coyote.http11.InternalOutputBuffer.realWriteBytes(InternalOutputBuffer.java:215)
	at org.apache.tomcat.util.buf.ByteChunk.flushBuffer(ByteChunk.java:480)
	at org.apache.coyote.http11.InternalOutputBuffer.flush(InternalOutputBuffer.java:119)
	at org.apache.coyote.http11.AbstractHttp11Processor.action(AbstractHttp11Processor.java:800)
	at org.apache.coyote.Response.action(Response.java:172)
	at org.apache.catalina.connector.OutputBuffer.doFlush(OutputBuffer.java:363)
	... 37 more

abr 21, 2015 11:13:51 PM org.apache.cxf.phase.PhaseInterceptorChain doDefaultLogging
ADVERTENCIA: Interceptor for {http://controlador/}ActividadServicios has thrown exception, unwinding now
org.apache.cxf.interceptor.Fault: Could not send Message.
	at org.apache.cxf.interceptor.MessageSenderInterceptor$MessageSenderEndingInterceptor.handleMessage(MessageSenderInterceptor.java:64)
	at org.apache.cxf.phase.PhaseInterceptorChain.doIntercept(PhaseInterceptorChain.java:263)
	at org.apache.cxf.interceptor.AbstractFaultChainInitiatorObserver.onMessage(AbstractFaultChainInitiatorObserver.java:113)
	at org.apache.cxf.phase.PhaseInterceptorChain.doIntercept(PhaseInterceptorChain.java:324)
	at org.apache.cxf.interceptor.OutgoingChainInterceptor.handleMessage(OutgoingChainInterceptor.java:81)
	at org.apache.cxf.phase.PhaseInterceptorChain.doIntercept(PhaseInterceptorChain.java:263)
	at org.apache.cxf.transport.ChainInitiationObserver.onMessage(ChainInitiationObserver.java:121)
	at org.apache.cxf.transport.http.AbstractHTTPDestination.invoke(AbstractHTTPDestination.java:240)
	at org.apache.openejb.server.cxf.rs.CxfRsHttpListener.onMessage(CxfRsHttpListener.java:187)
	at org.apache.openejb.server.rest.RsServlet.service(RsServlet.java:53)
	at javax.servlet.http.HttpServlet.service(HttpServlet.java:727)
	at org.apache.catalina.core.ApplicationFilterChain.internalDoFilter(ApplicationFilterChain.java:303)
	at org.apache.catalina.core.ApplicationFilterChain.doFilter(ApplicationFilterChain.java:208)
	at org.apache.tomcat.websocket.server.WsFilter.doFilter(WsFilter.java:52)
	at org.apache.catalina.core.ApplicationFilterChain.internalDoFilter(ApplicationFilterChain.java:241)
	at org.apache.catalina.core.ApplicationFilterChain.doFilter(ApplicationFilterChain.java:208)
	at org.apache.catalina.core.StandardWrapperValve.invoke(StandardWrapperValve.java:220)
	at org.apache.catalina.core.StandardContextValve.invoke(StandardContextValve.java:122)
	at org.apache.tomee.catalina.OpenEJBValve.invoke(OpenEJBValve.java:44)
	at org.apache.catalina.authenticator.AuthenticatorBase.invoke(AuthenticatorBase.java:501)
	at org.apache.catalina.core.StandardHostValve.invoke(StandardHostValve.java:171)
	at org.apache.catalina.valves.ErrorReportValve.invoke(ErrorReportValve.java:103)
	at org.apache.catalina.valves.AccessLogValve.invoke(AccessLogValve.java:950)
	at org.apache.catalina.core.StandardEngineValve.invoke(StandardEngineValve.java:116)
	at org.apache.catalina.connector.CoyoteAdapter.service(CoyoteAdapter.java:408)
	at org.apache.coyote.http11.AbstractHttp11Processor.process(AbstractHttp11Processor.java:1070)
	at org.apache.coyote.AbstractProtocol$AbstractConnectionHandler.process(AbstractProtocol.java:611)
	at org.apache.tomcat.util.net.JIoEndpoint$SocketProcessor.run(JIoEndpoint.java:316)
	at java.util.concurrent.ThreadPoolExecutor.runWorker(ThreadPoolExecutor.java:1145)
	at java.util.concurrent.ThreadPoolExecutor$Worker.run(ThreadPoolExecutor.java:615)
	at org.apache.tomcat.util.threads.TaskThread$WrappingRunnable.run(TaskThread.java:61)
	at java.lang.Thread.run(Thread.java:745)
Caused by: ClientAbortException:  java.net.SocketException: Tubería rota
	at org.apache.catalina.connector.OutputBuffer.doFlush(OutputBuffer.java:367)
	at org.apache.catalina.connector.OutputBuffer.flush(OutputBuffer.java:331)
	at org.apache.catalina.connector.Response.flushBuffer(Response.java:580)
	at org.apache.catalina.connector.ResponseFacade.flushBuffer(ResponseFacade.java:306)
	at org.apache.openejb.server.httpd.ServletResponseAdapter.flushBuffer(ServletResponseAdapter.java:205)
	at org.apache.cxf.transport.http.AbstractHTTPDestination$WrappedOutputStream.close(AbstractHTTPDestination.java:735)
	at org.apache.cxf.transport.AbstractConduit.close(AbstractConduit.java:56)
	at org.apache.cxf.transport.http.AbstractHTTPDestination$BackChannelConduit.close(AbstractHTTPDestination.java:677)
	at org.apache.cxf.interceptor.MessageSenderInterceptor$MessageSenderEndingInterceptor.handleMessage(MessageSenderInterceptor.java:62)
	... 31 more
Caused by: java.net.SocketException: Tubería rota
	at java.net.SocketOutputStream.socketWrite0(Native Method)
	at java.net.SocketOutputStream.socketWrite(SocketOutputStream.java:113)
	at java.net.SocketOutputStream.write(SocketOutputStream.java:159)
	at org.apache.coyote.http11.InternalOutputBuffer.realWriteBytes(InternalOutputBuffer.java:215)
	at org.apache.tomcat.util.buf.ByteChunk.flushBuffer(ByteChunk.java:480)
	at org.apache.coyote.http11.InternalOutputBuffer.flush(InternalOutputBuffer.java:119)
	at org.apache.coyote.http11.AbstractHttp11Processor.action(AbstractHttp11Processor.java:800)
	at org.apache.coyote.Response.action(Response.java:172)
	at org.apache.catalina.connector.OutputBuffer.doFlush(OutputBuffer.java:363)
	... 39 more

abr 21, 2015 11:13:51 PM org.apache.cxf.phase.PhaseInterceptorChain doDefaultLogging
ADVERTENCIA: Interceptor for {http://controlador/}ActividadServicios has thrown exception, unwinding now
org.apache.cxf.interceptor.Fault: Could not send Message.
	at org.apache.cxf.interceptor.MessageSenderInterceptor$MessageSenderEndingInterceptor.handleMessage(MessageSenderInterceptor.java:64)
	at org.apache.cxf.phase.PhaseInterceptorChain.doIntercept(PhaseInterceptorChain.java:263)
	at org.apache.cxf.interceptor.AbstractFaultChainInitiatorObserver.onMessage(AbstractFaultChainInitiatorObserver.java:113)
	at org.apache.cxf.phase.PhaseInterceptorChain.doIntercept(PhaseInterceptorChain.java:324)
	at org.apache.cxf.interceptor.OutgoingChainInterceptor.handleMessage(OutgoingChainInterceptor.java:81)
	at org.apache.cxf.phase.PhaseInterceptorChain.doIntercept(PhaseInterceptorChain.java:263)
	at org.apache.cxf.transport.ChainInitiationObserver.onMessage(ChainInitiationObserver.java:121)
	at org.apache.cxf.transport.http.AbstractHTTPDestination.invoke(AbstractHTTPDestination.java:240)
	at org.apache.openejb.server.cxf.rs.CxfRsHttpListener.onMessage(CxfRsHttpListener.java:187)
	at org.apache.openejb.server.rest.RsServlet.service(RsServlet.java:53)
	at javax.servlet.http.HttpServlet.service(HttpServlet.java:727)
	at org.apache.catalina.core.ApplicationFilterChain.internalDoFilter(ApplicationFilterChain.java:303)
	at org.apache.catalina.core.ApplicationFilterChain.doFilter(ApplicationFilterChain.java:208)
	at org.apache.tomcat.websocket.server.WsFilter.doFilter(WsFilter.java:52)
	at org.apache.catalina.core.ApplicationFilterChain.internalDoFilter(ApplicationFilterChain.java:241)
	at org.apache.catalina.core.ApplicationFilterChain.doFilter(ApplicationFilterChain.java:208)
	at org.apache.catalina.core.StandardWrapperValve.invoke(StandardWrapperValve.java:220)
	at org.apache.catalina.core.StandardContextValve.invoke(StandardContextValve.java:122)
	at org.apache.tomee.catalina.OpenEJBValve.invoke(OpenEJBValve.java:44)
	at org.apache.catalina.authenticator.AuthenticatorBase.invoke(AuthenticatorBase.java:501)
	at org.apache.catalina.core.StandardHostValve.invoke(StandardHostValve.java:171)
	at org.apache.catalina.valves.ErrorReportValve.invoke(ErrorReportValve.java:103)
	at org.apache.catalina.valves.AccessLogValve.invoke(AccessLogValve.java:950)
	at org.apache.catalina.core.StandardEngineValve.invoke(StandardEngineValve.java:116)
	at org.apache.catalina.connector.CoyoteAdapter.service(CoyoteAdapter.java:408)
	at org.apache.coyote.http11.AbstractHttp11Processor.process(AbstractHttp11Processor.java:1070)
	at org.apache.coyote.AbstractProtocol$AbstractConnectionHandler.process(AbstractProtocol.java:611)
	at org.apache.tomcat.util.net.JIoEndpoint$SocketProcessor.run(JIoEndpoint.java:316)
	at java.util.concurrent.ThreadPoolExecutor.runWorker(ThreadPoolExecutor.java:1145)
	at java.util.concurrent.ThreadPoolExecutor$Worker.run(ThreadPoolExecutor.java:615)
	at org.apache.tomcat.util.threads.TaskThread$WrappingRunnable.run(TaskThread.java:61)
	at java.lang.Thread.run(Thread.java:745)
Caused by: ClientAbortException:  java.net.SocketException: Tubería rota
	at org.apache.catalina.connector.OutputBuffer.doFlush(OutputBuffer.java:367)
	at org.apache.catalina.connector.OutputBuffer.flush(OutputBuffer.java:331)
	at org.apache.catalina.connector.Response.flushBuffer(Response.java:580)
	at org.apache.catalina.connector.ResponseFacade.flushBuffer(ResponseFacade.java:306)
	at org.apache.openejb.server.httpd.ServletResponseAdapter.flushBuffer(ServletResponseAdapter.java:205)
	at org.apache.cxf.transport.http.AbstractHTTPDestination$WrappedOutputStream.close(AbstractHTTPDestination.java:735)
	at org.apache.cxf.transport.AbstractConduit.close(AbstractConduit.java:56)
	at org.apache.cxf.transport.http.AbstractHTTPDestination$BackChannelConduit.close(AbstractHTTPDestination.java:677)
	at org.apache.cxf.interceptor.MessageSenderInterceptor$MessageSenderEndingInterceptor.handleMessage(MessageSenderInterceptor.java:62)
	... 31 more
Caused by: java.net.SocketException: Tubería rota
	at java.net.SocketOutputStream.socketWrite0(Native Method)
	at java.net.SocketOutputStream.socketWrite(SocketOutputStream.java:113)
	at java.net.SocketOutputStream.write(SocketOutputStream.java:159)
	at org.apache.coyote.http11.InternalOutputBuffer.realWriteBytes(InternalOutputBuffer.java:215)
	at org.apache.tomcat.util.buf.ByteChunk.flushBuffer(ByteChunk.java:480)
	at org.apache.coyote.http11.InternalOutputBuffer.flush(InternalOutputBuffer.java:119)
	at org.apache.coyote.http11.AbstractHttp11Processor.action(AbstractHttp11Processor.java:800)
	at org.apache.coyote.Response.action(Response.java:172)
	at org.apache.catalina.connector.OutputBuffer.doFlush(OutputBuffer.java:363)
	... 39 more

abr 21, 2015 11:14:11 PM org.apache.cxf.jaxrs.interceptor.JAXRSInInterceptor processRequest
ADVERTENCIA: No root resource matching request path /Natureadventure/html/gerente/gestionarMonitores.html has been found, Relative Path: /html/gerente/gestionarMonitores.html. Please enable FINE/TRACE log level for more details.
abr 21, 2015 11:14:11 PM org.apache.cxf.jaxrs.impl.WebApplicationExceptionMapper toResponse
ADVERTENCIA: javax.ws.rs.WebApplicationException
	at org.apache.cxf.jaxrs.interceptor.JAXRSInInterceptor.processRequest(JAXRSInInterceptor.java:162)
	at org.apache.cxf.jaxrs.interceptor.JAXRSInInterceptor.handleMessage(JAXRSInInterceptor.java:91)
	at org.apache.cxf.phase.PhaseInterceptorChain.doIntercept(PhaseInterceptorChain.java:263)
	at org.apache.cxf.transport.ChainInitiationObserver.onMessage(ChainInitiationObserver.java:121)
	at org.apache.cxf.transport.http.AbstractHTTPDestination.invoke(AbstractHTTPDestination.java:240)
	at org.apache.openejb.server.cxf.rs.CxfRsHttpListener.onMessage(CxfRsHttpListener.java:187)
	at org.apache.openejb.server.rest.RsServlet.service(RsServlet.java:53)
	at javax.servlet.http.HttpServlet.service(HttpServlet.java:727)
	at org.apache.catalina.core.ApplicationFilterChain.internalDoFilter(ApplicationFilterChain.java:303)
	at org.apache.catalina.core.ApplicationFilterChain.doFilter(ApplicationFilterChain.java:208)
	at org.apache.tomcat.websocket.server.WsFilter.doFilter(WsFilter.java:52)
	at org.apache.catalina.core.ApplicationFilterChain.internalDoFilter(ApplicationFilterChain.java:241)
	at org.apache.catalina.core.ApplicationFilterChain.doFilter(ApplicationFilterChain.java:208)
	at org.apache.catalina.core.StandardWrapperValve.invoke(StandardWrapperValve.java:220)
	at org.apache.catalina.core.StandardContextValve.invoke(StandardContextValve.java:122)
	at org.apache.tomee.catalina.OpenEJBValve.invoke(OpenEJBValve.java:44)
	at org.apache.catalina.authenticator.AuthenticatorBase.invoke(AuthenticatorBase.java:501)
	at org.apache.catalina.core.StandardHostValve.invoke(StandardHostValve.java:171)
	at org.apache.catalina.valves.ErrorReportValve.invoke(ErrorReportValve.java:103)
	at org.apache.catalina.valves.AccessLogValve.invoke(AccessLogValve.java:950)
	at org.apache.catalina.core.StandardEngineValve.invoke(StandardEngineValve.java:116)
	at org.apache.catalina.connector.CoyoteAdapter.service(CoyoteAdapter.java:408)
	at org.apache.coyote.http11.AbstractHttp11Processor.process(AbstractHttp11Processor.java:1070)
	at org.apache.coyote.AbstractProtocol$AbstractConnectionHandler.process(AbstractProtocol.java:611)
	at org.apache.tomcat.util.net.JIoEndpoint$SocketProcessor.run(JIoEndpoint.java:316)
	at java.util.concurrent.ThreadPoolExecutor.runWorker(ThreadPoolExecutor.java:1145)
	at java.util.concurrent.ThreadPoolExecutor$Worker.run(ThreadPoolExecutor.java:615)
	at org.apache.tomcat.util.threads.TaskThread$WrappingRunnable.run(TaskThread.java:61)
	at java.lang.Thread.run(Thread.java:745)

abr 21, 2015 11:16:51 PM org.apache.catalina.core.StandardServer await
INFORMACIÓN: Se ha recibido un comando de apagado a través del puerto de apagado. Parando la instancia del Servidor.
abr 21, 2015 11:16:51 PM org.apache.coyote.AbstractProtocol pause
INFORMACIÓN: Pausing ProtocolHandler ["http-bio-8080"]
abr 21, 2015 11:16:51 PM org.apache.coyote.AbstractProtocol pause
INFORMACIÓN: Pausing ProtocolHandler ["ajp-bio-8009"]
abr 21, 2015 11:16:51 PM org.apache.catalina.core.StandardService stopInternal
INFORMACIÓN: Parando servicio Catalina
abr 21, 2015 11:16:51 PM org.apache.openejb.assembler.classic.Assembler destroyApplication
INFORMACIÓN: Undeploying app: /home/fer/Desktop/natureadventure_rep/Natureadventure/target/apache-tomee/webapps/Natureadventure
abr 21, 2015 11:16:51 PM org.apache.openejb.assembler.classic.Assembler destroyResource
INFORMACIÓN: Closing DataSource: Natureadventure/derbyDataSource
abr 21, 2015 11:16:51 PM org.apache.openejb.assembler.classic.Assembler destroyResource
INFORMACIÓN: Closing DataSource: Natureadventure/mysqlDataSource
abr 21, 2015 11:16:52 PM org.apache.catalina.loader.WebappClassLoader clearReferencesJdbc
GRAVE: La aplicación web [/Natureadventure] registró el conductor JDBC [org.apache.derby.jdbc.AutoloadedDriver] pero falló al anular el registro mientras la aplicación web estaba parada. Para prevenir un fallo de memoria, se ha anulado el registro del conductor JDBC por la fuerza.
abr 21, 2015 11:16:52 PM org.apache.catalina.loader.WebappClassLoader clearReferencesJdbc
GRAVE: La aplicación web [/Natureadventure] registró el conductor JDBC [com.mysql.jdbc.Driver] pero falló al anular el registro mientras la aplicación web estaba parada. Para prevenir un fallo de memoria, se ha anulado el registro del conductor JDBC por la fuerza.
abr 21, 2015 11:16:52 PM org.apache.catalina.loader.WebappClassLoader clearReferencesThreads
GRAVE: La aplicación web [/Natureadventure] parece haber arrancado un hilo llamado [Abandoned connection cleanup thread] pero no ha podido pararlo. Esto tiene todas las papeletas de convertirse en un fallo de memoria.
abr 21, 2015 11:16:52 PM org.apache.coyote.AbstractProtocol stop
INFORMACIÓN: Stopping ProtocolHandler ["http-bio-8080"]
abr 21, 2015 11:16:52 PM org.apache.coyote.AbstractProtocol stop
INFORMACIÓN: Stopping ProtocolHandler ["ajp-bio-8009"]
abr 21, 2015 11:16:52 PM org.apache.openejb.server.SimpleServiceManager stop
INFORMACIÓN: Stopping server services
abr 21, 2015 11:16:52 PM org.apache.openejb.assembler.classic.Assembler destroyResource
INFORMACIÓN: Closing DataSource: mysqlDataSourceNonJta
abr 21, 2015 11:16:52 PM org.apache.openejb.assembler.classic.Assembler destroyResource
INFORMACIÓN: Closing DataSource: derbyDataSourceNonJta
abr 21, 2015 11:16:52 PM org.apache.coyote.AbstractProtocol destroy
INFORMACIÓN: Destroying ProtocolHandler ["http-bio-8080"]
abr 21, 2015 11:16:52 PM org.apache.coyote.AbstractProtocol destroy
INFORMACIÓN: Destroying ProtocolHandler ["ajp-bio-8009"]
